

*******************************************************************************
Tue Mar 28 16:59:54 2017


FIT:    data read from 'periody.dat'
        format = z
        #datapoints = 6
        residuals are weighted equally (unit weight)

function used for fitting: f(x)
	f(x) = k*x + q
fitted parameters initialized with current variable values

iter      chisq       delta/lim  lambda   k             q            
   0 2.0002384138e+04   0.00e+00  5.15e+01    1.000000e+00   1.000000e+00
   7 2.1265681343e-05  -2.39e-07  5.15e-06    6.193437e-03   1.559498e+01

After 7 iterations the fit converged.
final sum of squares of residuals : 2.12657e-05
rel. change during last iteration : -2.38906e-12

degrees of freedom    (FIT_NDF)                        : 4
rms of residuals      (FIT_STDFIT) = sqrt(WSSR/ndf)    : 0.00230574
variance of residuals (reduced chisquare) = WSSR/ndf   : 5.31642e-06

Final set of parameters            Asymptotic Standard Error
=======================            ==========================
k               = 0.00619344       +/- 0.0002479    (4.002%)
q               = 15.595           +/- 0.01804      (0.1157%)

correlation matrix of the fit parameters:
                k      q      
k               1.000 
q              -0.999  1.000 


*******************************************************************************
Tue Mar 28 17:03:16 2017


FIT:    data read from 'periody.dat' using 1:2
        format = x:z
        #datapoints = 6
        residuals are weighted equally (unit weight)

function used for fitting: f(x)
	f(x) = k*x + q
fitted parameters initialized with current variable values

iter      chisq       delta/lim  lambda   k             q            
   0 2.0002384138e+04   0.00e+00  5.15e+01    1.000000e+00   1.000000e+00
   7 2.1265681343e-05  -2.39e-07  5.15e-06    6.193437e-03   1.559498e+01

After 7 iterations the fit converged.
final sum of squares of residuals : 2.12657e-05
rel. change during last iteration : -2.38906e-12

degrees of freedom    (FIT_NDF)                        : 4
rms of residuals      (FIT_STDFIT) = sqrt(WSSR/ndf)    : 0.00230574
variance of residuals (reduced chisquare) = WSSR/ndf   : 5.31642e-06

Final set of parameters            Asymptotic Standard Error
=======================            ==========================
k               = 0.00619344       +/- 0.0002479    (4.002%)
q               = 15.595           +/- 0.01804      (0.1157%)

correlation matrix of the fit parameters:
                k      q      
k               1.000 
q              -0.999  1.000 


*******************************************************************************
Tue Mar 28 17:03:16 2017


FIT:    data read from 'periody.dat' using 1:3
        format = x:z
        #datapoints = 6
        residuals are weighted equally (unit weight)

function used for fitting: g(x)
	g(x) = m*x + n
fitted parameters initialized with current variable values

iter      chisq       delta/lim  lambda   m             n            
   0 1.9946890129e+04   0.00e+00  5.15e+01    1.000000e+00   1.000000e+00
   7 2.9365153734e-04  -1.35e-08  5.15e-06    4.039476e-02   1.318187e+01

After 7 iterations the fit converged.
final sum of squares of residuals : 0.000293652
rel. change during last iteration : -1.34948e-13

degrees of freedom    (FIT_NDF)                        : 4
rms of residuals      (FIT_STDFIT) = sqrt(WSSR/ndf)    : 0.00856813
variance of residuals (reduced chisquare) = WSSR/ndf   : 7.34129e-05

Final set of parameters            Asymptotic Standard Error
=======================            ==========================
m               = 0.0403948        +/- 0.0009211    (2.28%)
n               = 13.1819          +/- 0.06702      (0.5084%)

correlation matrix of the fit parameters:
                m      n      
m               1.000 
n              -0.999  1.000 


*******************************************************************************
Tue Mar 28 17:04:07 2017


FIT:    data read from 'periody.dat' using 1:2
        format = x:z
        #datapoints = 6
        residuals are weighted equally (unit weight)

function used for fitting: f(x)
	f(x) = k*x + q
fitted parameters initialized with current variable values

iter      chisq       delta/lim  lambda   k             q            
   0 2.0002384138e+04   0.00e+00  5.15e+01    1.000000e+00   1.000000e+00
   7 2.1265681343e-05  -2.39e-07  5.15e-06    6.193437e-03   1.559498e+01

After 7 iterations the fit converged.
final sum of squares of residuals : 2.12657e-05
rel. change during last iteration : -2.38906e-12

degrees of freedom    (FIT_NDF)                        : 4
rms of residuals      (FIT_STDFIT) = sqrt(WSSR/ndf)    : 0.00230574
variance of residuals (reduced chisquare) = WSSR/ndf   : 5.31642e-06

Final set of parameters            Asymptotic Standard Error
=======================            ==========================
k               = 0.00619344       +/- 0.0002479    (4.002%)
q               = 15.595           +/- 0.01804      (0.1157%)

correlation matrix of the fit parameters:
                k      q      
k               1.000 
q              -0.999  1.000 


*******************************************************************************
Tue Mar 28 17:04:07 2017


FIT:    data read from 'periody.dat' using 1:3
        format = x:z
        #datapoints = 6
        residuals are weighted equally (unit weight)

function used for fitting: g(x)
	g(x) = m*x + n
fitted parameters initialized with current variable values

iter      chisq       delta/lim  lambda   m             n            
   0 1.9946890129e+04   0.00e+00  5.15e+01    1.000000e+00   1.000000e+00
   7 2.9365153734e-04  -1.35e-08  5.15e-06    4.039476e-02   1.318187e+01

After 7 iterations the fit converged.
final sum of squares of residuals : 0.000293652
rel. change during last iteration : -1.34948e-13

degrees of freedom    (FIT_NDF)                        : 4
rms of residuals      (FIT_STDFIT) = sqrt(WSSR/ndf)    : 0.00856813
variance of residuals (reduced chisquare) = WSSR/ndf   : 7.34129e-05

Final set of parameters            Asymptotic Standard Error
=======================            ==========================
m               = 0.0403948        +/- 0.0009211    (2.28%)
n               = 13.1819          +/- 0.06702      (0.5084%)

correlation matrix of the fit parameters:
                m      n      
m               1.000 
n              -0.999  1.000 


*******************************************************************************
Tue Mar 28 17:24:10 2017


FIT:    data read from 'periody.dat' using 1:2
        format = x:z
        #datapoints = 6
        residuals are weighted equally (unit weight)

function used for fitting: f(x)
	f(x) = k*x + q
fitted parameters initialized with current variable values

iter      chisq       delta/lim  lambda   k             q            
   0 2.0002384138e+04   0.00e+00  5.15e+01    1.000000e+00   1.000000e+00
   7 2.1265681343e-05  -2.39e-07  5.15e-06    6.193437e-03   1.559498e+01

After 7 iterations the fit converged.
final sum of squares of residuals : 2.12657e-05
rel. change during last iteration : -2.38906e-12

degrees of freedom    (FIT_NDF)                        : 4
rms of residuals      (FIT_STDFIT) = sqrt(WSSR/ndf)    : 0.00230574
variance of residuals (reduced chisquare) = WSSR/ndf   : 5.31642e-06

Final set of parameters            Asymptotic Standard Error
=======================            ==========================
k               = 0.00619344       +/- 0.0002479    (4.002%)
q               = 15.595           +/- 0.01804      (0.1157%)

correlation matrix of the fit parameters:
                k      q      
k               1.000 
q              -0.999  1.000 


*******************************************************************************
Tue Mar 28 17:24:10 2017


FIT:    data read from 'periody.dat' using 1:3
        format = x:z
        #datapoints = 6
        residuals are weighted equally (unit weight)

function used for fitting: g(x)
	g(x) = m*x + n
fitted parameters initialized with current variable values

iter      chisq       delta/lim  lambda   m             n            
   0 1.9946890129e+04   0.00e+00  5.15e+01    1.000000e+00   1.000000e+00
   7 2.9365153734e-04  -1.35e-08  5.15e-06    4.039476e-02   1.318187e+01

After 7 iterations the fit converged.
final sum of squares of residuals : 0.000293652
rel. change during last iteration : -1.34948e-13

degrees of freedom    (FIT_NDF)                        : 4
rms of residuals      (FIT_STDFIT) = sqrt(WSSR/ndf)    : 0.00856813
variance of residuals (reduced chisquare) = WSSR/ndf   : 7.34129e-05

Final set of parameters            Asymptotic Standard Error
=======================            ==========================
m               = 0.0403948        +/- 0.0009211    (2.28%)
n               = 13.1819          +/- 0.06702      (0.5084%)

correlation matrix of the fit parameters:
                m      n      
m               1.000 
n              -0.999  1.000 


*******************************************************************************
Tue Mar 28 17:37:02 2017


FIT:    data read from 'periody.dat' using 1:2
        format = x:z
        #datapoints = 6
        residuals are weighted equally (unit weight)

function used for fitting: f(x)
	f(x) = k*x + q
fitted parameters initialized with current variable values

iter      chisq       delta/lim  lambda   k             q            
   0 2.0002384138e+04   0.00e+00  5.15e+01    1.000000e+00   1.000000e+00
   7 2.1265681343e-05  -2.39e-07  5.15e-06    6.193437e-03   1.559498e+01

After 7 iterations the fit converged.
final sum of squares of residuals : 2.12657e-05
rel. change during last iteration : -2.38906e-12

degrees of freedom    (FIT_NDF)                        : 4
rms of residuals      (FIT_STDFIT) = sqrt(WSSR/ndf)    : 0.00230574
variance of residuals (reduced chisquare) = WSSR/ndf   : 5.31642e-06

Final set of parameters            Asymptotic Standard Error
=======================            ==========================
k               = 0.00619344       +/- 0.0002479    (4.002%)
q               = 15.595           +/- 0.01804      (0.1157%)

correlation matrix of the fit parameters:
                k      q      
k               1.000 
q              -0.999  1.000 


*******************************************************************************
Tue Mar 28 17:37:02 2017


FIT:    data read from 'periody.dat' using 1:3
        format = x:z
        #datapoints = 6
        residuals are weighted equally (unit weight)

function used for fitting: g(x)
	g(x) = m*x + n
fitted parameters initialized with current variable values

iter      chisq       delta/lim  lambda   m             n            
   0 1.9946890129e+04   0.00e+00  5.15e+01    1.000000e+00   1.000000e+00
   7 2.9365153734e-04  -1.35e-08  5.15e-06    4.039476e-02   1.318187e+01

After 7 iterations the fit converged.
final sum of squares of residuals : 0.000293652
rel. change during last iteration : -1.34948e-13

degrees of freedom    (FIT_NDF)                        : 4
rms of residuals      (FIT_STDFIT) = sqrt(WSSR/ndf)    : 0.00856813
variance of residuals (reduced chisquare) = WSSR/ndf   : 7.34129e-05

Final set of parameters            Asymptotic Standard Error
=======================            ==========================
m               = 0.0403948        +/- 0.0009211    (2.28%)
n               = 13.1819          +/- 0.06702      (0.5084%)

correlation matrix of the fit parameters:
                m      n      
m               1.000 
n              -0.999  1.000 


*******************************************************************************
Tue Mar 28 17:37:34 2017


FIT:    data read from 'periody.dat' using 1:2
        format = x:z
        #datapoints = 6
        residuals are weighted equally (unit weight)

function used for fitting: f(x)
	f(x) = k*x + q
fitted parameters initialized with current variable values

iter      chisq       delta/lim  lambda   k             q            
   0 2.0002384138e+04   0.00e+00  5.15e+01    1.000000e+00   1.000000e+00
   7 2.1265681343e-05  -2.39e-07  5.15e-06    6.193437e-03   1.559498e+01

After 7 iterations the fit converged.
final sum of squares of residuals : 2.12657e-05
rel. change during last iteration : -2.38906e-12

degrees of freedom    (FIT_NDF)                        : 4
rms of residuals      (FIT_STDFIT) = sqrt(WSSR/ndf)    : 0.00230574
variance of residuals (reduced chisquare) = WSSR/ndf   : 5.31642e-06

Final set of parameters            Asymptotic Standard Error
=======================            ==========================
k               = 0.00619344       +/- 0.0002479    (4.002%)
q               = 15.595           +/- 0.01804      (0.1157%)

correlation matrix of the fit parameters:
                k      q      
k               1.000 
q              -0.999  1.000 


*******************************************************************************
Tue Mar 28 17:37:34 2017


FIT:    data read from 'periody.dat' using 1:3
        format = x:z
        #datapoints = 6
        residuals are weighted equally (unit weight)

function used for fitting: g(x)
	g(x) = m*x + n
fitted parameters initialized with current variable values

iter      chisq       delta/lim  lambda   m             n            
   0 1.9946890129e+04   0.00e+00  5.15e+01    1.000000e+00   1.000000e+00
   7 2.9365153734e-04  -1.35e-08  5.15e-06    4.039476e-02   1.318187e+01

After 7 iterations the fit converged.
final sum of squares of residuals : 0.000293652
rel. change during last iteration : -1.34948e-13

degrees of freedom    (FIT_NDF)                        : 4
rms of residuals      (FIT_STDFIT) = sqrt(WSSR/ndf)    : 0.00856813
variance of residuals (reduced chisquare) = WSSR/ndf   : 7.34129e-05

Final set of parameters            Asymptotic Standard Error
=======================            ==========================
m               = 0.0403948        +/- 0.0009211    (2.28%)
n               = 13.1819          +/- 0.06702      (0.5084%)

correlation matrix of the fit parameters:
                m      n      
m               1.000 
n              -0.999  1.000 


*******************************************************************************
Tue Mar 28 17:40:02 2017


FIT:    data read from 'periody.dat' using 1:2
        format = x:z
        #datapoints = 6
        residuals are weighted equally (unit weight)

function used for fitting: f(x)
	f(x) = k*x + q
fitted parameters initialized with current variable values

iter      chisq       delta/lim  lambda   k             q            
   0 2.0002384138e+04   0.00e+00  5.15e+01    1.000000e+00   1.000000e+00
   7 2.1265681343e-05  -2.39e-07  5.15e-06    6.193437e-03   1.559498e+01

After 7 iterations the fit converged.
final sum of squares of residuals : 2.12657e-05
rel. change during last iteration : -2.38906e-12

degrees of freedom    (FIT_NDF)                        : 4
rms of residuals      (FIT_STDFIT) = sqrt(WSSR/ndf)    : 0.00230574
variance of residuals (reduced chisquare) = WSSR/ndf   : 5.31642e-06

Final set of parameters            Asymptotic Standard Error
=======================            ==========================
k               = 0.00619344       +/- 0.0002479    (4.002%)
q               = 15.595           +/- 0.01804      (0.1157%)

correlation matrix of the fit parameters:
                k      q      
k               1.000 
q              -0.999  1.000 


*******************************************************************************
Tue Mar 28 17:40:02 2017


FIT:    data read from 'periody.dat' using 1:3
        format = x:z
        #datapoints = 6
        residuals are weighted equally (unit weight)

function used for fitting: g(x)
	g(x) = m*x + n
fitted parameters initialized with current variable values

iter      chisq       delta/lim  lambda   m             n            
   0 1.9946890129e+04   0.00e+00  5.15e+01    1.000000e+00   1.000000e+00
   7 2.9365153734e-04  -1.35e-08  5.15e-06    4.039476e-02   1.318187e+01

After 7 iterations the fit converged.
final sum of squares of residuals : 0.000293652
rel. change during last iteration : -1.34948e-13

degrees of freedom    (FIT_NDF)                        : 4
rms of residuals      (FIT_STDFIT) = sqrt(WSSR/ndf)    : 0.00856813
variance of residuals (reduced chisquare) = WSSR/ndf   : 7.34129e-05

Final set of parameters            Asymptotic Standard Error
=======================            ==========================
m               = 0.0403948        +/- 0.0009211    (2.28%)
n               = 13.1819          +/- 0.06702      (0.5084%)

correlation matrix of the fit parameters:
                m      n      
m               1.000 
n              -0.999  1.000 


*******************************************************************************
Tue Mar 28 17:40:30 2017


FIT:    data read from 'periody.dat' using 1:2
        format = x:z
        #datapoints = 6
        residuals are weighted equally (unit weight)

function used for fitting: f(x)
	f(x) = k*x + q
fitted parameters initialized with current variable values

iter      chisq       delta/lim  lambda   k             q            
   0 2.0002384138e+04   0.00e+00  5.15e+01    1.000000e+00   1.000000e+00
   7 2.1265681343e-05  -2.39e-07  5.15e-06    6.193437e-03   1.559498e+01

After 7 iterations the fit converged.
final sum of squares of residuals : 2.12657e-05
rel. change during last iteration : -2.38906e-12

degrees of freedom    (FIT_NDF)                        : 4
rms of residuals      (FIT_STDFIT) = sqrt(WSSR/ndf)    : 0.00230574
variance of residuals (reduced chisquare) = WSSR/ndf   : 5.31642e-06

Final set of parameters            Asymptotic Standard Error
=======================            ==========================
k               = 0.00619344       +/- 0.0002479    (4.002%)
q               = 15.595           +/- 0.01804      (0.1157%)

correlation matrix of the fit parameters:
                k      q      
k               1.000 
q              -0.999  1.000 


*******************************************************************************
Tue Mar 28 17:40:30 2017


FIT:    data read from 'periody.dat' using 1:3
        format = x:z
        #datapoints = 6
        residuals are weighted equally (unit weight)

function used for fitting: g(x)
	g(x) = m*x + n
fitted parameters initialized with current variable values

iter      chisq       delta/lim  lambda   m             n            
   0 1.9946890129e+04   0.00e+00  5.15e+01    1.000000e+00   1.000000e+00
   7 2.9365153734e-04  -1.35e-08  5.15e-06    4.039476e-02   1.318187e+01

After 7 iterations the fit converged.
final sum of squares of residuals : 0.000293652
rel. change during last iteration : -1.34948e-13

degrees of freedom    (FIT_NDF)                        : 4
rms of residuals      (FIT_STDFIT) = sqrt(WSSR/ndf)    : 0.00856813
variance of residuals (reduced chisquare) = WSSR/ndf   : 7.34129e-05

Final set of parameters            Asymptotic Standard Error
=======================            ==========================
m               = 0.0403948        +/- 0.0009211    (2.28%)
n               = 13.1819          +/- 0.06702      (0.5084%)

correlation matrix of the fit parameters:
                m      n      
m               1.000 
n              -0.999  1.000 


*******************************************************************************
Tue Mar 28 17:51:10 2017


FIT:    data read from 'periody.dat' using 1:2
        format = x:z
        #datapoints = 6
        residuals are weighted equally (unit weight)

function used for fitting: f(x)
	f(x) = k*x + q
fitted parameters initialized with current variable values

iter      chisq       delta/lim  lambda   k             q            
   0 2.0002384138e+04   0.00e+00  5.15e+01    1.000000e+00   1.000000e+00
   7 2.1265681343e-05  -2.39e-07  5.15e-06    6.193437e-03   1.559498e+01

After 7 iterations the fit converged.
final sum of squares of residuals : 2.12657e-05
rel. change during last iteration : -2.38906e-12

degrees of freedom    (FIT_NDF)                        : 4
rms of residuals      (FIT_STDFIT) = sqrt(WSSR/ndf)    : 0.00230574
variance of residuals (reduced chisquare) = WSSR/ndf   : 5.31642e-06

Final set of parameters            Asymptotic Standard Error
=======================            ==========================
k               = 0.00619344       +/- 0.0002479    (4.002%)
q               = 15.595           +/- 0.01804      (0.1157%)

correlation matrix of the fit parameters:
                k      q      
k               1.000 
q              -0.999  1.000 


*******************************************************************************
Tue Mar 28 17:51:10 2017


FIT:    data read from 'periody.dat' using 1:3
        format = x:z
        #datapoints = 6
        residuals are weighted equally (unit weight)

function used for fitting: g(x)
	g(x) = m*x + n
fitted parameters initialized with current variable values

iter      chisq       delta/lim  lambda   m             n            
   0 1.9946890129e+04   0.00e+00  5.15e+01    1.000000e+00   1.000000e+00
   7 2.9365153734e-04  -1.35e-08  5.15e-06    4.039476e-02   1.318187e+01

After 7 iterations the fit converged.
final sum of squares of residuals : 0.000293652
rel. change during last iteration : -1.34948e-13

degrees of freedom    (FIT_NDF)                        : 4
rms of residuals      (FIT_STDFIT) = sqrt(WSSR/ndf)    : 0.00856813
variance of residuals (reduced chisquare) = WSSR/ndf   : 7.34129e-05

Final set of parameters            Asymptotic Standard Error
=======================            ==========================
m               = 0.0403948        +/- 0.0009211    (2.28%)
n               = 13.1819          +/- 0.06702      (0.5084%)

correlation matrix of the fit parameters:
                m      n      
m               1.000 
n              -0.999  1.000 


*******************************************************************************
Tue Mar 28 17:53:03 2017


FIT:    data read from 'periody.dat' using 1:2
        format = x:z
        #datapoints = 6
        residuals are weighted equally (unit weight)

function used for fitting: f(x)
	f(x) = k*x + q
fitted parameters initialized with current variable values

iter      chisq       delta/lim  lambda   k             q            
   0 2.0002384138e+04   0.00e+00  5.15e+01    1.000000e+00   1.000000e+00
   7 2.1265681343e-05  -2.39e-07  5.15e-06    6.193437e-03   1.559498e+01

After 7 iterations the fit converged.
final sum of squares of residuals : 2.12657e-05
rel. change during last iteration : -2.38906e-12

degrees of freedom    (FIT_NDF)                        : 4
rms of residuals      (FIT_STDFIT) = sqrt(WSSR/ndf)    : 0.00230574
variance of residuals (reduced chisquare) = WSSR/ndf   : 5.31642e-06

Final set of parameters            Asymptotic Standard Error
=======================            ==========================
k               = 0.00619344       +/- 0.0002479    (4.002%)
q               = 15.595           +/- 0.01804      (0.1157%)

correlation matrix of the fit parameters:
                k      q      
k               1.000 
q              -0.999  1.000 


*******************************************************************************
Tue Mar 28 17:53:03 2017


FIT:    data read from 'periody.dat' using 1:3
        format = x:z
        #datapoints = 6
        residuals are weighted equally (unit weight)

function used for fitting: g(x)
	g(x) = m*x + n
fitted parameters initialized with current variable values

iter      chisq       delta/lim  lambda   m             n            
   0 1.9946890129e+04   0.00e+00  5.15e+01    1.000000e+00   1.000000e+00
   7 2.9365153734e-04  -1.35e-08  5.15e-06    4.039476e-02   1.318187e+01

After 7 iterations the fit converged.
final sum of squares of residuals : 0.000293652
rel. change during last iteration : -1.34948e-13

degrees of freedom    (FIT_NDF)                        : 4
rms of residuals      (FIT_STDFIT) = sqrt(WSSR/ndf)    : 0.00856813
variance of residuals (reduced chisquare) = WSSR/ndf   : 7.34129e-05

Final set of parameters            Asymptotic Standard Error
=======================            ==========================
m               = 0.0403948        +/- 0.0009211    (2.28%)
n               = 13.1819          +/- 0.06702      (0.5084%)

correlation matrix of the fit parameters:
                m      n      
m               1.000 
n              -0.999  1.000 


*******************************************************************************
Tue Mar 28 17:53:40 2017


FIT:    data read from 'periody.dat' using 1:2
        format = x:z
        #datapoints = 6
        residuals are weighted equally (unit weight)

function used for fitting: f(x)
	f(x) = k*x + q
fitted parameters initialized with current variable values

iter      chisq       delta/lim  lambda   k             q            
   0 2.0002384138e+04   0.00e+00  5.15e+01    1.000000e+00   1.000000e+00
   7 2.1265681343e-05  -2.39e-07  5.15e-06    6.193437e-03   1.559498e+01

After 7 iterations the fit converged.
final sum of squares of residuals : 2.12657e-05
rel. change during last iteration : -2.38906e-12

degrees of freedom    (FIT_NDF)                        : 4
rms of residuals      (FIT_STDFIT) = sqrt(WSSR/ndf)    : 0.00230574
variance of residuals (reduced chisquare) = WSSR/ndf   : 5.31642e-06

Final set of parameters            Asymptotic Standard Error
=======================            ==========================
k               = 0.00619344       +/- 0.0002479    (4.002%)
q               = 15.595           +/- 0.01804      (0.1157%)

correlation matrix of the fit parameters:
                k      q      
k               1.000 
q              -0.999  1.000 


*******************************************************************************
Tue Mar 28 17:53:40 2017


FIT:    data read from 'periody.dat' using 1:3
        format = x:z
        #datapoints = 6
        residuals are weighted equally (unit weight)

function used for fitting: g(x)
	g(x) = m*x + n
fitted parameters initialized with current variable values

iter      chisq       delta/lim  lambda   m             n            
   0 1.9946890129e+04   0.00e+00  5.15e+01    1.000000e+00   1.000000e+00
   7 2.9365153734e-04  -1.35e-08  5.15e-06    4.039476e-02   1.318187e+01

After 7 iterations the fit converged.
final sum of squares of residuals : 0.000293652
rel. change during last iteration : -1.34948e-13

degrees of freedom    (FIT_NDF)                        : 4
rms of residuals      (FIT_STDFIT) = sqrt(WSSR/ndf)    : 0.00856813
variance of residuals (reduced chisquare) = WSSR/ndf   : 7.34129e-05

Final set of parameters            Asymptotic Standard Error
=======================            ==========================
m               = 0.0403948        +/- 0.0009211    (2.28%)
n               = 13.1819          +/- 0.06702      (0.5084%)

correlation matrix of the fit parameters:
                m      n      
m               1.000 
n              -0.999  1.000 


*******************************************************************************
Tue Mar 28 18:02:53 2017


FIT:    data read from 'periody.dat' using 1:2
        format = x:z
        #datapoints = 6
        residuals are weighted equally (unit weight)

function used for fitting: f(x)
	f(x) = k*x + q
fitted parameters initialized with current variable values

iter      chisq       delta/lim  lambda   k             q            
   0 2.0002384138e+04   0.00e+00  5.15e+01    1.000000e+00   1.000000e+00
   7 2.1265681343e-05  -2.39e-07  5.15e-06    6.193437e-03   1.559498e+01

After 7 iterations the fit converged.
final sum of squares of residuals : 2.12657e-05
rel. change during last iteration : -2.38906e-12

degrees of freedom    (FIT_NDF)                        : 4
rms of residuals      (FIT_STDFIT) = sqrt(WSSR/ndf)    : 0.00230574
variance of residuals (reduced chisquare) = WSSR/ndf   : 5.31642e-06

Final set of parameters            Asymptotic Standard Error
=======================            ==========================
k               = 0.00619344       +/- 0.0002479    (4.002%)
q               = 15.595           +/- 0.01804      (0.1157%)

correlation matrix of the fit parameters:
                k      q      
k               1.000 
q              -0.999  1.000 


*******************************************************************************
Tue Mar 28 18:02:53 2017


FIT:    data read from 'periody.dat' using 1:3
        format = x:z
        #datapoints = 6
        residuals are weighted equally (unit weight)

function used for fitting: g(x)
	g(x) = m*x + n
fitted parameters initialized with current variable values

iter      chisq       delta/lim  lambda   m             n            
   0 1.9946890129e+04   0.00e+00  5.15e+01    1.000000e+00   1.000000e+00
   7 2.9365153734e-04  -1.35e-08  5.15e-06    4.039476e-02   1.318187e+01

After 7 iterations the fit converged.
final sum of squares of residuals : 0.000293652
rel. change during last iteration : -1.34948e-13

degrees of freedom    (FIT_NDF)                        : 4
rms of residuals      (FIT_STDFIT) = sqrt(WSSR/ndf)    : 0.00856813
variance of residuals (reduced chisquare) = WSSR/ndf   : 7.34129e-05

Final set of parameters            Asymptotic Standard Error
=======================            ==========================
m               = 0.0403948        +/- 0.0009211    (2.28%)
n               = 13.1819          +/- 0.06702      (0.5084%)

correlation matrix of the fit parameters:
                m      n      
m               1.000 
n              -0.999  1.000 


*******************************************************************************
Tue Mar 28 18:11:12 2017


FIT:    data read from 'periody.dat' using 1:2
        format = x:z
        #datapoints = 6
        residuals are weighted equally (unit weight)

function used for fitting: f(x)
	f(x) = k*x + q
fitted parameters initialized with current variable values

iter      chisq       delta/lim  lambda   k             q            
   0 2.0002384138e+04   0.00e+00  5.15e+01    1.000000e+00   1.000000e+00
   7 2.1265681343e-05  -2.39e-07  5.15e-06    6.193437e-03   1.559498e+01

After 7 iterations the fit converged.
final sum of squares of residuals : 2.12657e-05
rel. change during last iteration : -2.38906e-12

degrees of freedom    (FIT_NDF)                        : 4
rms of residuals      (FIT_STDFIT) = sqrt(WSSR/ndf)    : 0.00230574
variance of residuals (reduced chisquare) = WSSR/ndf   : 5.31642e-06

Final set of parameters            Asymptotic Standard Error
=======================            ==========================
k               = 0.00619344       +/- 0.0002479    (4.002%)
q               = 15.595           +/- 0.01804      (0.1157%)

correlation matrix of the fit parameters:
                k      q      
k               1.000 
q              -0.999  1.000 


*******************************************************************************
Tue Mar 28 18:11:12 2017


FIT:    data read from 'periody.dat' using 1:3
        format = x:z
        #datapoints = 6
        residuals are weighted equally (unit weight)

function used for fitting: g(x)
	g(x) = m*x + n
fitted parameters initialized with current variable values

iter      chisq       delta/lim  lambda   m             n            
   0 1.9946890129e+04   0.00e+00  5.15e+01    1.000000e+00   1.000000e+00
   7 2.9365153734e-04  -1.35e-08  5.15e-06    4.039476e-02   1.318187e+01

After 7 iterations the fit converged.
final sum of squares of residuals : 0.000293652
rel. change during last iteration : -1.34948e-13

degrees of freedom    (FIT_NDF)                        : 4
rms of residuals      (FIT_STDFIT) = sqrt(WSSR/ndf)    : 0.00856813
variance of residuals (reduced chisquare) = WSSR/ndf   : 7.34129e-05

Final set of parameters            Asymptotic Standard Error
=======================            ==========================
m               = 0.0403948        +/- 0.0009211    (2.28%)
n               = 13.1819          +/- 0.06702      (0.5084%)

correlation matrix of the fit parameters:
                m      n      
m               1.000 
n              -0.999  1.000 


*******************************************************************************
Tue Mar 28 18:14:03 2017


FIT:    data read from 'periody.dat' using 1:2
        format = x:z
        #datapoints = 6
        residuals are weighted equally (unit weight)

function used for fitting: f(x)
	f(x) = k*x + q
fitted parameters initialized with current variable values

iter      chisq       delta/lim  lambda   k             q            
   0 2.0002384138e+04   0.00e+00  5.15e+01    1.000000e+00   1.000000e+00
   7 2.1265681343e-05  -2.39e-07  5.15e-06    6.193437e-03   1.559498e+01

After 7 iterations the fit converged.
final sum of squares of residuals : 2.12657e-05
rel. change during last iteration : -2.38906e-12

degrees of freedom    (FIT_NDF)                        : 4
rms of residuals      (FIT_STDFIT) = sqrt(WSSR/ndf)    : 0.00230574
variance of residuals (reduced chisquare) = WSSR/ndf   : 5.31642e-06

Final set of parameters            Asymptotic Standard Error
=======================            ==========================
k               = 0.00619344       +/- 0.0002479    (4.002%)
q               = 15.595           +/- 0.01804      (0.1157%)

correlation matrix of the fit parameters:
                k      q      
k               1.000 
q              -0.999  1.000 


*******************************************************************************
Tue Mar 28 18:14:03 2017


FIT:    data read from 'periody.dat' using 1:3
        format = x:z
        #datapoints = 6
        residuals are weighted equally (unit weight)

function used for fitting: g(x)
	g(x) = m*x + n
fitted parameters initialized with current variable values

iter      chisq       delta/lim  lambda   m             n            
   0 1.9946890129e+04   0.00e+00  5.15e+01    1.000000e+00   1.000000e+00
   7 2.9365153734e-04  -1.35e-08  5.15e-06    4.039476e-02   1.318187e+01

After 7 iterations the fit converged.
final sum of squares of residuals : 0.000293652
rel. change during last iteration : -1.34948e-13

degrees of freedom    (FIT_NDF)                        : 4
rms of residuals      (FIT_STDFIT) = sqrt(WSSR/ndf)    : 0.00856813
variance of residuals (reduced chisquare) = WSSR/ndf   : 7.34129e-05

Final set of parameters            Asymptotic Standard Error
=======================            ==========================
m               = 0.0403948        +/- 0.0009211    (2.28%)
n               = 13.1819          +/- 0.06702      (0.5084%)

correlation matrix of the fit parameters:
                m      n      
m               1.000 
n              -0.999  1.000 


*******************************************************************************
Tue Mar 28 18:16:16 2017


FIT:    data read from 'periody.dat' using 1:2
        format = x:z
        #datapoints = 6
        residuals are weighted equally (unit weight)

function used for fitting: f(x)
	f(x) = k*x + q
fitted parameters initialized with current variable values

iter      chisq       delta/lim  lambda   k             q            
   0 2.0002384138e+04   0.00e+00  5.15e+01    1.000000e+00   1.000000e+00
   7 2.1265681343e-05  -2.39e-07  5.15e-06    6.193437e-03   1.559498e+01

After 7 iterations the fit converged.
final sum of squares of residuals : 2.12657e-05
rel. change during last iteration : -2.38906e-12

degrees of freedom    (FIT_NDF)                        : 4
rms of residuals      (FIT_STDFIT) = sqrt(WSSR/ndf)    : 0.00230574
variance of residuals (reduced chisquare) = WSSR/ndf   : 5.31642e-06

Final set of parameters            Asymptotic Standard Error
=======================            ==========================
k               = 0.00619344       +/- 0.0002479    (4.002%)
q               = 15.595           +/- 0.01804      (0.1157%)

correlation matrix of the fit parameters:
                k      q      
k               1.000 
q              -0.999  1.000 


*******************************************************************************
Tue Mar 28 18:16:16 2017


FIT:    data read from 'periody.dat' using 1:3
        format = x:z
        #datapoints = 6
        residuals are weighted equally (unit weight)

function used for fitting: g(x)
	g(x) = m*x + n
fitted parameters initialized with current variable values

iter      chisq       delta/lim  lambda   m             n            
   0 1.9946890129e+04   0.00e+00  5.15e+01    1.000000e+00   1.000000e+00
   7 2.9365153734e-04  -1.35e-08  5.15e-06    4.039476e-02   1.318187e+01

After 7 iterations the fit converged.
final sum of squares of residuals : 0.000293652
rel. change during last iteration : -1.34948e-13

degrees of freedom    (FIT_NDF)                        : 4
rms of residuals      (FIT_STDFIT) = sqrt(WSSR/ndf)    : 0.00856813
variance of residuals (reduced chisquare) = WSSR/ndf   : 7.34129e-05

Final set of parameters            Asymptotic Standard Error
=======================            ==========================
m               = 0.0403948        +/- 0.0009211    (2.28%)
n               = 13.1819          +/- 0.06702      (0.5084%)

correlation matrix of the fit parameters:
                m      n      
m               1.000 
n              -0.999  1.000 


*******************************************************************************
Tue Mar 28 18:16:54 2017


FIT:    data read from 'periody.dat' using 1:2
        format = x:z
        #datapoints = 6
        residuals are weighted equally (unit weight)

function used for fitting: f(x)
	f(x) = k*x + q
fitted parameters initialized with current variable values

iter      chisq       delta/lim  lambda   k             q            
   0 2.0002384138e+04   0.00e+00  5.15e+01    1.000000e+00   1.000000e+00
   7 2.1265681343e-05  -2.39e-07  5.15e-06    6.193437e-03   1.559498e+01

After 7 iterations the fit converged.
final sum of squares of residuals : 2.12657e-05
rel. change during last iteration : -2.38906e-12

degrees of freedom    (FIT_NDF)                        : 4
rms of residuals      (FIT_STDFIT) = sqrt(WSSR/ndf)    : 0.00230574
variance of residuals (reduced chisquare) = WSSR/ndf   : 5.31642e-06

Final set of parameters            Asymptotic Standard Error
=======================            ==========================
k               = 0.00619344       +/- 0.0002479    (4.002%)
q               = 15.595           +/- 0.01804      (0.1157%)

correlation matrix of the fit parameters:
                k      q      
k               1.000 
q              -0.999  1.000 


*******************************************************************************
Tue Mar 28 18:16:54 2017


FIT:    data read from 'periody.dat' using 1:3
        format = x:z
        #datapoints = 6
        residuals are weighted equally (unit weight)

function used for fitting: g(x)
	g(x) = m*x + n
fitted parameters initialized with current variable values

iter      chisq       delta/lim  lambda   m             n            
   0 1.9946890129e+04   0.00e+00  5.15e+01    1.000000e+00   1.000000e+00
   7 2.9365153734e-04  -1.35e-08  5.15e-06    4.039476e-02   1.318187e+01

After 7 iterations the fit converged.
final sum of squares of residuals : 0.000293652
rel. change during last iteration : -1.34948e-13

degrees of freedom    (FIT_NDF)                        : 4
rms of residuals      (FIT_STDFIT) = sqrt(WSSR/ndf)    : 0.00856813
variance of residuals (reduced chisquare) = WSSR/ndf   : 7.34129e-05

Final set of parameters            Asymptotic Standard Error
=======================            ==========================
m               = 0.0403948        +/- 0.0009211    (2.28%)
n               = 13.1819          +/- 0.06702      (0.5084%)

correlation matrix of the fit parameters:
                m      n      
m               1.000 
n              -0.999  1.000 


*******************************************************************************
Tue Mar 28 18:18:50 2017


FIT:    data read from 'periody.dat' using 1:2
        format = x:z
        #datapoints = 6
        residuals are weighted equally (unit weight)

function used for fitting: f(x)
	f(x) = k*x + q
fitted parameters initialized with current variable values

iter      chisq       delta/lim  lambda   k             q            
   0 2.0002384138e+04   0.00e+00  5.15e+01    1.000000e+00   1.000000e+00
   7 2.1265681343e-05  -2.39e-07  5.15e-06    6.193437e-03   1.559498e+01

After 7 iterations the fit converged.
final sum of squares of residuals : 2.12657e-05
rel. change during last iteration : -2.38906e-12

degrees of freedom    (FIT_NDF)                        : 4
rms of residuals      (FIT_STDFIT) = sqrt(WSSR/ndf)    : 0.00230574
variance of residuals (reduced chisquare) = WSSR/ndf   : 5.31642e-06

Final set of parameters            Asymptotic Standard Error
=======================            ==========================
k               = 0.00619344       +/- 0.0002479    (4.002%)
q               = 15.595           +/- 0.01804      (0.1157%)

correlation matrix of the fit parameters:
                k      q      
k               1.000 
q              -0.999  1.000 


*******************************************************************************
Tue Mar 28 18:18:50 2017


FIT:    data read from 'periody.dat' using 1:3
        format = x:z
        #datapoints = 6
        residuals are weighted equally (unit weight)

function used for fitting: g(x)
	g(x) = m*x + n
fitted parameters initialized with current variable values

iter      chisq       delta/lim  lambda   m             n            
   0 1.9946890129e+04   0.00e+00  5.15e+01    1.000000e+00   1.000000e+00
   7 2.9365153734e-04  -1.35e-08  5.15e-06    4.039476e-02   1.318187e+01

After 7 iterations the fit converged.
final sum of squares of residuals : 0.000293652
rel. change during last iteration : -1.34948e-13

degrees of freedom    (FIT_NDF)                        : 4
rms of residuals      (FIT_STDFIT) = sqrt(WSSR/ndf)    : 0.00856813
variance of residuals (reduced chisquare) = WSSR/ndf   : 7.34129e-05

Final set of parameters            Asymptotic Standard Error
=======================            ==========================
m               = 0.0403948        +/- 0.0009211    (2.28%)
n               = 13.1819          +/- 0.06702      (0.5084%)

correlation matrix of the fit parameters:
                m      n      
m               1.000 
n              -0.999  1.000 


*******************************************************************************
Tue Mar 28 18:19:20 2017


FIT:    data read from 'periody.dat' using 1:2
        format = x:z
        #datapoints = 6
        residuals are weighted equally (unit weight)

function used for fitting: f(x)
	f(x) = k*x + q
fitted parameters initialized with current variable values

iter      chisq       delta/lim  lambda   k             q            
   0 2.0002384138e+04   0.00e+00  5.15e+01    1.000000e+00   1.000000e+00
   7 2.1265681343e-05  -2.39e-07  5.15e-06    6.193437e-03   1.559498e+01

After 7 iterations the fit converged.
final sum of squares of residuals : 2.12657e-05
rel. change during last iteration : -2.38906e-12

degrees of freedom    (FIT_NDF)                        : 4
rms of residuals      (FIT_STDFIT) = sqrt(WSSR/ndf)    : 0.00230574
variance of residuals (reduced chisquare) = WSSR/ndf   : 5.31642e-06

Final set of parameters            Asymptotic Standard Error
=======================            ==========================
k               = 0.00619344       +/- 0.0002479    (4.002%)
q               = 15.595           +/- 0.01804      (0.1157%)

correlation matrix of the fit parameters:
                k      q      
k               1.000 
q              -0.999  1.000 


*******************************************************************************
Tue Mar 28 18:19:20 2017


FIT:    data read from 'periody.dat' using 1:3
        format = x:z
        #datapoints = 6
        residuals are weighted equally (unit weight)

function used for fitting: g(x)
	g(x) = m*x + n
fitted parameters initialized with current variable values

iter      chisq       delta/lim  lambda   m             n            
   0 1.9946890129e+04   0.00e+00  5.15e+01    1.000000e+00   1.000000e+00
   7 2.9365153734e-04  -1.35e-08  5.15e-06    4.039476e-02   1.318187e+01

After 7 iterations the fit converged.
final sum of squares of residuals : 0.000293652
rel. change during last iteration : -1.34948e-13

degrees of freedom    (FIT_NDF)                        : 4
rms of residuals      (FIT_STDFIT) = sqrt(WSSR/ndf)    : 0.00856813
variance of residuals (reduced chisquare) = WSSR/ndf   : 7.34129e-05

Final set of parameters            Asymptotic Standard Error
=======================            ==========================
m               = 0.0403948        +/- 0.0009211    (2.28%)
n               = 13.1819          +/- 0.06702      (0.5084%)

correlation matrix of the fit parameters:
                m      n      
m               1.000 
n              -0.999  1.000 


*******************************************************************************
Tue Mar 28 18:19:44 2017


FIT:    data read from 'periody.dat' using 1:2
        format = x:z
        #datapoints = 6
        residuals are weighted equally (unit weight)

function used for fitting: f(x)
	f(x) = k*x + q
fitted parameters initialized with current variable values

iter      chisq       delta/lim  lambda   k             q            
   0 2.0002384138e+04   0.00e+00  5.15e+01    1.000000e+00   1.000000e+00
   7 2.1265681343e-05  -2.39e-07  5.15e-06    6.193437e-03   1.559498e+01

After 7 iterations the fit converged.
final sum of squares of residuals : 2.12657e-05
rel. change during last iteration : -2.38906e-12

degrees of freedom    (FIT_NDF)                        : 4
rms of residuals      (FIT_STDFIT) = sqrt(WSSR/ndf)    : 0.00230574
variance of residuals (reduced chisquare) = WSSR/ndf   : 5.31642e-06

Final set of parameters            Asymptotic Standard Error
=======================            ==========================
k               = 0.00619344       +/- 0.0002479    (4.002%)
q               = 15.595           +/- 0.01804      (0.1157%)

correlation matrix of the fit parameters:
                k      q      
k               1.000 
q              -0.999  1.000 


*******************************************************************************
Tue Mar 28 18:19:44 2017


FIT:    data read from 'periody.dat' using 1:3
        format = x:z
        #datapoints = 6
        residuals are weighted equally (unit weight)

function used for fitting: g(x)
	g(x) = m*x + n
fitted parameters initialized with current variable values

iter      chisq       delta/lim  lambda   m             n            
   0 1.9946890129e+04   0.00e+00  5.15e+01    1.000000e+00   1.000000e+00
   7 2.9365153734e-04  -1.35e-08  5.15e-06    4.039476e-02   1.318187e+01

After 7 iterations the fit converged.
final sum of squares of residuals : 0.000293652
rel. change during last iteration : -1.34948e-13

degrees of freedom    (FIT_NDF)                        : 4
rms of residuals      (FIT_STDFIT) = sqrt(WSSR/ndf)    : 0.00856813
variance of residuals (reduced chisquare) = WSSR/ndf   : 7.34129e-05

Final set of parameters            Asymptotic Standard Error
=======================            ==========================
m               = 0.0403948        +/- 0.0009211    (2.28%)
n               = 13.1819          +/- 0.06702      (0.5084%)

correlation matrix of the fit parameters:
                m      n      
m               1.000 
n              -0.999  1.000 


*******************************************************************************
Tue Mar 28 18:21:14 2017


FIT:    data read from 'periody.dat' using 1:2
        format = x:z
        #datapoints = 6
        residuals are weighted equally (unit weight)

function used for fitting: f(x)
	f(x) = k*x + q
fitted parameters initialized with current variable values

iter      chisq       delta/lim  lambda   k             q            
   0 2.0002384138e+04   0.00e+00  5.15e+01    1.000000e+00   1.000000e+00
   7 2.1265681343e-05  -2.39e-07  5.15e-06    6.193437e-03   1.559498e+01

After 7 iterations the fit converged.
final sum of squares of residuals : 2.12657e-05
rel. change during last iteration : -2.38906e-12

degrees of freedom    (FIT_NDF)                        : 4
rms of residuals      (FIT_STDFIT) = sqrt(WSSR/ndf)    : 0.00230574
variance of residuals (reduced chisquare) = WSSR/ndf   : 5.31642e-06

Final set of parameters            Asymptotic Standard Error
=======================            ==========================
k               = 0.00619344       +/- 0.0002479    (4.002%)
q               = 15.595           +/- 0.01804      (0.1157%)

correlation matrix of the fit parameters:
                k      q      
k               1.000 
q              -0.999  1.000 


*******************************************************************************
Tue Mar 28 18:21:14 2017


FIT:    data read from 'periody.dat' using 1:3
        format = x:z
        #datapoints = 6
        residuals are weighted equally (unit weight)

function used for fitting: g(x)
	g(x) = m*x + n
fitted parameters initialized with current variable values

iter      chisq       delta/lim  lambda   m             n            
   0 1.9946890129e+04   0.00e+00  5.15e+01    1.000000e+00   1.000000e+00
   7 2.9365153734e-04  -1.35e-08  5.15e-06    4.039476e-02   1.318187e+01

After 7 iterations the fit converged.
final sum of squares of residuals : 0.000293652
rel. change during last iteration : -1.34948e-13

degrees of freedom    (FIT_NDF)                        : 4
rms of residuals      (FIT_STDFIT) = sqrt(WSSR/ndf)    : 0.00856813
variance of residuals (reduced chisquare) = WSSR/ndf   : 7.34129e-05

Final set of parameters            Asymptotic Standard Error
=======================            ==========================
m               = 0.0403948        +/- 0.0009211    (2.28%)
n               = 13.1819          +/- 0.06702      (0.5084%)

correlation matrix of the fit parameters:
                m      n      
m               1.000 
n              -0.999  1.000 


*******************************************************************************
Tue Mar 28 18:21:40 2017


FIT:    data read from 'periody.dat' using 1:2
        format = x:z
        #datapoints = 6
        residuals are weighted equally (unit weight)

function used for fitting: f(x)
	f(x) = k*x + q
fitted parameters initialized with current variable values

iter      chisq       delta/lim  lambda   k             q            
   0 2.0002384138e+04   0.00e+00  5.15e+01    1.000000e+00   1.000000e+00
   7 2.1265681343e-05  -2.39e-07  5.15e-06    6.193437e-03   1.559498e+01

After 7 iterations the fit converged.
final sum of squares of residuals : 2.12657e-05
rel. change during last iteration : -2.38906e-12

degrees of freedom    (FIT_NDF)                        : 4
rms of residuals      (FIT_STDFIT) = sqrt(WSSR/ndf)    : 0.00230574
variance of residuals (reduced chisquare) = WSSR/ndf   : 5.31642e-06

Final set of parameters            Asymptotic Standard Error
=======================            ==========================
k               = 0.00619344       +/- 0.0002479    (4.002%)
q               = 15.595           +/- 0.01804      (0.1157%)

correlation matrix of the fit parameters:
                k      q      
k               1.000 
q              -0.999  1.000 


*******************************************************************************
Tue Mar 28 18:21:40 2017


FIT:    data read from 'periody.dat' using 1:3
        format = x:z
        #datapoints = 6
        residuals are weighted equally (unit weight)

function used for fitting: g(x)
	g(x) = m*x + n
fitted parameters initialized with current variable values

iter      chisq       delta/lim  lambda   m             n            
   0 1.9946890129e+04   0.00e+00  5.15e+01    1.000000e+00   1.000000e+00
   7 2.9365153734e-04  -1.35e-08  5.15e-06    4.039476e-02   1.318187e+01

After 7 iterations the fit converged.
final sum of squares of residuals : 0.000293652
rel. change during last iteration : -1.34948e-13

degrees of freedom    (FIT_NDF)                        : 4
rms of residuals      (FIT_STDFIT) = sqrt(WSSR/ndf)    : 0.00856813
variance of residuals (reduced chisquare) = WSSR/ndf   : 7.34129e-05

Final set of parameters            Asymptotic Standard Error
=======================            ==========================
m               = 0.0403948        +/- 0.0009211    (2.28%)
n               = 13.1819          +/- 0.06702      (0.5084%)

correlation matrix of the fit parameters:
                m      n      
m               1.000 
n              -0.999  1.000 


*******************************************************************************
Tue Mar 28 18:21:52 2017


FIT:    data read from 'periody.dat' using 1:2
        format = x:z
        #datapoints = 6
        residuals are weighted equally (unit weight)

function used for fitting: f(x)
	f(x) = k*x + q
fitted parameters initialized with current variable values

iter      chisq       delta/lim  lambda   k             q            
   0 2.0002384138e+04   0.00e+00  5.15e+01    1.000000e+00   1.000000e+00
   7 2.1265681343e-05  -2.39e-07  5.15e-06    6.193437e-03   1.559498e+01

After 7 iterations the fit converged.
final sum of squares of residuals : 2.12657e-05
rel. change during last iteration : -2.38906e-12

degrees of freedom    (FIT_NDF)                        : 4
rms of residuals      (FIT_STDFIT) = sqrt(WSSR/ndf)    : 0.00230574
variance of residuals (reduced chisquare) = WSSR/ndf   : 5.31642e-06

Final set of parameters            Asymptotic Standard Error
=======================            ==========================
k               = 0.00619344       +/- 0.0002479    (4.002%)
q               = 15.595           +/- 0.01804      (0.1157%)

correlation matrix of the fit parameters:
                k      q      
k               1.000 
q              -0.999  1.000 


*******************************************************************************
Tue Mar 28 18:21:52 2017


FIT:    data read from 'periody.dat' using 1:3
        format = x:z
        #datapoints = 6
        residuals are weighted equally (unit weight)

function used for fitting: g(x)
	g(x) = m*x + n
fitted parameters initialized with current variable values

iter      chisq       delta/lim  lambda   m             n            
   0 1.9946890129e+04   0.00e+00  5.15e+01    1.000000e+00   1.000000e+00
   7 2.9365153734e-04  -1.35e-08  5.15e-06    4.039476e-02   1.318187e+01

After 7 iterations the fit converged.
final sum of squares of residuals : 0.000293652
rel. change during last iteration : -1.34948e-13

degrees of freedom    (FIT_NDF)                        : 4
rms of residuals      (FIT_STDFIT) = sqrt(WSSR/ndf)    : 0.00856813
variance of residuals (reduced chisquare) = WSSR/ndf   : 7.34129e-05

Final set of parameters            Asymptotic Standard Error
=======================            ==========================
m               = 0.0403948        +/- 0.0009211    (2.28%)
n               = 13.1819          +/- 0.06702      (0.5084%)

correlation matrix of the fit parameters:
                m      n      
m               1.000 
n              -0.999  1.000 


*******************************************************************************
Tue Mar 28 18:22:17 2017


FIT:    data read from 'periody.dat' using 1:2
        format = x:z
        #datapoints = 6
        residuals are weighted equally (unit weight)

function used for fitting: f(x)
	f(x) = k*x + q
fitted parameters initialized with current variable values

iter      chisq       delta/lim  lambda   k             q            
   0 2.0002384138e+04   0.00e+00  5.15e+01    1.000000e+00   1.000000e+00
   7 2.1265681343e-05  -2.39e-07  5.15e-06    6.193437e-03   1.559498e+01

After 7 iterations the fit converged.
final sum of squares of residuals : 2.12657e-05
rel. change during last iteration : -2.38906e-12

degrees of freedom    (FIT_NDF)                        : 4
rms of residuals      (FIT_STDFIT) = sqrt(WSSR/ndf)    : 0.00230574
variance of residuals (reduced chisquare) = WSSR/ndf   : 5.31642e-06

Final set of parameters            Asymptotic Standard Error
=======================            ==========================
k               = 0.00619344       +/- 0.0002479    (4.002%)
q               = 15.595           +/- 0.01804      (0.1157%)

correlation matrix of the fit parameters:
                k      q      
k               1.000 
q              -0.999  1.000 


*******************************************************************************
Tue Mar 28 18:22:17 2017


FIT:    data read from 'periody.dat' using 1:3
        format = x:z
        #datapoints = 6
        residuals are weighted equally (unit weight)

function used for fitting: g(x)
	g(x) = m*x + n
fitted parameters initialized with current variable values

iter      chisq       delta/lim  lambda   m             n            
   0 1.9946890129e+04   0.00e+00  5.15e+01    1.000000e+00   1.000000e+00
   7 2.9365153734e-04  -1.35e-08  5.15e-06    4.039476e-02   1.318187e+01

After 7 iterations the fit converged.
final sum of squares of residuals : 0.000293652
rel. change during last iteration : -1.34948e-13

degrees of freedom    (FIT_NDF)                        : 4
rms of residuals      (FIT_STDFIT) = sqrt(WSSR/ndf)    : 0.00856813
variance of residuals (reduced chisquare) = WSSR/ndf   : 7.34129e-05

Final set of parameters            Asymptotic Standard Error
=======================            ==========================
m               = 0.0403948        +/- 0.0009211    (2.28%)
n               = 13.1819          +/- 0.06702      (0.5084%)

correlation matrix of the fit parameters:
                m      n      
m               1.000 
n              -0.999  1.000 


*******************************************************************************
Tue Mar 28 18:22:34 2017


FIT:    data read from 'periody.dat' using 1:2
        format = x:z
        #datapoints = 6
        residuals are weighted equally (unit weight)

function used for fitting: f(x)
	f(x) = k*x + q
fitted parameters initialized with current variable values

iter      chisq       delta/lim  lambda   k             q            
   0 2.0002384138e+04   0.00e+00  5.15e+01    1.000000e+00   1.000000e+00
   7 2.1265681343e-05  -2.39e-07  5.15e-06    6.193437e-03   1.559498e+01

After 7 iterations the fit converged.
final sum of squares of residuals : 2.12657e-05
rel. change during last iteration : -2.38906e-12

degrees of freedom    (FIT_NDF)                        : 4
rms of residuals      (FIT_STDFIT) = sqrt(WSSR/ndf)    : 0.00230574
variance of residuals (reduced chisquare) = WSSR/ndf   : 5.31642e-06

Final set of parameters            Asymptotic Standard Error
=======================            ==========================
k               = 0.00619344       +/- 0.0002479    (4.002%)
q               = 15.595           +/- 0.01804      (0.1157%)

correlation matrix of the fit parameters:
                k      q      
k               1.000 
q              -0.999  1.000 


*******************************************************************************
Tue Mar 28 18:22:34 2017


FIT:    data read from 'periody.dat' using 1:3
        format = x:z
        #datapoints = 6
        residuals are weighted equally (unit weight)

function used for fitting: g(x)
	g(x) = m*x + n
fitted parameters initialized with current variable values

iter      chisq       delta/lim  lambda   m             n            
   0 1.9946890129e+04   0.00e+00  5.15e+01    1.000000e+00   1.000000e+00
   7 2.9365153734e-04  -1.35e-08  5.15e-06    4.039476e-02   1.318187e+01

After 7 iterations the fit converged.
final sum of squares of residuals : 0.000293652
rel. change during last iteration : -1.34948e-13

degrees of freedom    (FIT_NDF)                        : 4
rms of residuals      (FIT_STDFIT) = sqrt(WSSR/ndf)    : 0.00856813
variance of residuals (reduced chisquare) = WSSR/ndf   : 7.34129e-05

Final set of parameters            Asymptotic Standard Error
=======================            ==========================
m               = 0.0403948        +/- 0.0009211    (2.28%)
n               = 13.1819          +/- 0.06702      (0.5084%)

correlation matrix of the fit parameters:
                m      n      
m               1.000 
n              -0.999  1.000 


*******************************************************************************
Tue Mar 28 18:23:31 2017


FIT:    data read from 'periody.dat' using 1:2
        format = x:z
        #datapoints = 6
        residuals are weighted equally (unit weight)

function used for fitting: f(x)
	f(x) = k*x + q
fitted parameters initialized with current variable values

iter      chisq       delta/lim  lambda   k             q            
   0 2.0002384138e+04   0.00e+00  5.15e+01    1.000000e+00   1.000000e+00
   7 2.1265681343e-05  -2.39e-07  5.15e-06    6.193437e-03   1.559498e+01

After 7 iterations the fit converged.
final sum of squares of residuals : 2.12657e-05
rel. change during last iteration : -2.38906e-12

degrees of freedom    (FIT_NDF)                        : 4
rms of residuals      (FIT_STDFIT) = sqrt(WSSR/ndf)    : 0.00230574
variance of residuals (reduced chisquare) = WSSR/ndf   : 5.31642e-06

Final set of parameters            Asymptotic Standard Error
=======================            ==========================
k               = 0.00619344       +/- 0.0002479    (4.002%)
q               = 15.595           +/- 0.01804      (0.1157%)

correlation matrix of the fit parameters:
                k      q      
k               1.000 
q              -0.999  1.000 


*******************************************************************************
Tue Mar 28 18:23:31 2017


FIT:    data read from 'periody.dat' using 1:3
        format = x:z
        #datapoints = 6
        residuals are weighted equally (unit weight)

function used for fitting: g(x)
	g(x) = m*x + n
fitted parameters initialized with current variable values

iter      chisq       delta/lim  lambda   m             n            
   0 1.9946890129e+04   0.00e+00  5.15e+01    1.000000e+00   1.000000e+00
   7 2.9365153734e-04  -1.35e-08  5.15e-06    4.039476e-02   1.318187e+01

After 7 iterations the fit converged.
final sum of squares of residuals : 0.000293652
rel. change during last iteration : -1.34948e-13

degrees of freedom    (FIT_NDF)                        : 4
rms of residuals      (FIT_STDFIT) = sqrt(WSSR/ndf)    : 0.00856813
variance of residuals (reduced chisquare) = WSSR/ndf   : 7.34129e-05

Final set of parameters            Asymptotic Standard Error
=======================            ==========================
m               = 0.0403948        +/- 0.0009211    (2.28%)
n               = 13.1819          +/- 0.06702      (0.5084%)

correlation matrix of the fit parameters:
                m      n      
m               1.000 
n              -0.999  1.000 


*******************************************************************************
Tue Mar 28 18:23:45 2017


FIT:    data read from 'periody.dat' using 1:2
        format = x:z
        #datapoints = 6
        residuals are weighted equally (unit weight)

function used for fitting: f(x)
	f(x) = k*x + q
fitted parameters initialized with current variable values

iter      chisq       delta/lim  lambda   k             q            
   0 2.0002384138e+04   0.00e+00  5.15e+01    1.000000e+00   1.000000e+00
   7 2.1265681343e-05  -2.39e-07  5.15e-06    6.193437e-03   1.559498e+01

After 7 iterations the fit converged.
final sum of squares of residuals : 2.12657e-05
rel. change during last iteration : -2.38906e-12

degrees of freedom    (FIT_NDF)                        : 4
rms of residuals      (FIT_STDFIT) = sqrt(WSSR/ndf)    : 0.00230574
variance of residuals (reduced chisquare) = WSSR/ndf   : 5.31642e-06

Final set of parameters            Asymptotic Standard Error
=======================            ==========================
k               = 0.00619344       +/- 0.0002479    (4.002%)
q               = 15.595           +/- 0.01804      (0.1157%)

correlation matrix of the fit parameters:
                k      q      
k               1.000 
q              -0.999  1.000 


*******************************************************************************
Tue Mar 28 18:23:45 2017


FIT:    data read from 'periody.dat' using 1:3
        format = x:z
        #datapoints = 6
        residuals are weighted equally (unit weight)

function used for fitting: g(x)
	g(x) = m*x + n
fitted parameters initialized with current variable values

iter      chisq       delta/lim  lambda   m             n            
   0 1.9946890129e+04   0.00e+00  5.15e+01    1.000000e+00   1.000000e+00
   7 2.9365153734e-04  -1.35e-08  5.15e-06    4.039476e-02   1.318187e+01

After 7 iterations the fit converged.
final sum of squares of residuals : 0.000293652
rel. change during last iteration : -1.34948e-13

degrees of freedom    (FIT_NDF)                        : 4
rms of residuals      (FIT_STDFIT) = sqrt(WSSR/ndf)    : 0.00856813
variance of residuals (reduced chisquare) = WSSR/ndf   : 7.34129e-05

Final set of parameters            Asymptotic Standard Error
=======================            ==========================
m               = 0.0403948        +/- 0.0009211    (2.28%)
n               = 13.1819          +/- 0.06702      (0.5084%)

correlation matrix of the fit parameters:
                m      n      
m               1.000 
n              -0.999  1.000 


*******************************************************************************
Tue Mar 28 18:23:54 2017


FIT:    data read from 'periody.dat' using 1:2
        format = x:z
        #datapoints = 6
        residuals are weighted equally (unit weight)

function used for fitting: f(x)
	f(x) = k*x + q
fitted parameters initialized with current variable values

iter      chisq       delta/lim  lambda   k             q            
   0 2.0002384138e+04   0.00e+00  5.15e+01    1.000000e+00   1.000000e+00
   7 2.1265681343e-05  -2.39e-07  5.15e-06    6.193437e-03   1.559498e+01

After 7 iterations the fit converged.
final sum of squares of residuals : 2.12657e-05
rel. change during last iteration : -2.38906e-12

degrees of freedom    (FIT_NDF)                        : 4
rms of residuals      (FIT_STDFIT) = sqrt(WSSR/ndf)    : 0.00230574
variance of residuals (reduced chisquare) = WSSR/ndf   : 5.31642e-06

Final set of parameters            Asymptotic Standard Error
=======================            ==========================
k               = 0.00619344       +/- 0.0002479    (4.002%)
q               = 15.595           +/- 0.01804      (0.1157%)

correlation matrix of the fit parameters:
                k      q      
k               1.000 
q              -0.999  1.000 


*******************************************************************************
Tue Mar 28 18:23:54 2017


FIT:    data read from 'periody.dat' using 1:3
        format = x:z
        #datapoints = 6
        residuals are weighted equally (unit weight)

function used for fitting: g(x)
	g(x) = m*x + n
fitted parameters initialized with current variable values

iter      chisq       delta/lim  lambda   m             n            
   0 1.9946890129e+04   0.00e+00  5.15e+01    1.000000e+00   1.000000e+00
   7 2.9365153734e-04  -1.35e-08  5.15e-06    4.039476e-02   1.318187e+01

After 7 iterations the fit converged.
final sum of squares of residuals : 0.000293652
rel. change during last iteration : -1.34948e-13

degrees of freedom    (FIT_NDF)                        : 4
rms of residuals      (FIT_STDFIT) = sqrt(WSSR/ndf)    : 0.00856813
variance of residuals (reduced chisquare) = WSSR/ndf   : 7.34129e-05

Final set of parameters            Asymptotic Standard Error
=======================            ==========================
m               = 0.0403948        +/- 0.0009211    (2.28%)
n               = 13.1819          +/- 0.06702      (0.5084%)

correlation matrix of the fit parameters:
                m      n      
m               1.000 
n              -0.999  1.000 


*******************************************************************************
Tue Mar 28 18:24:07 2017


FIT:    data read from 'periody.dat' using 1:2
        format = x:z
        #datapoints = 6
        residuals are weighted equally (unit weight)

function used for fitting: f(x)
	f(x) = k*x + q
fitted parameters initialized with current variable values

iter      chisq       delta/lim  lambda   k             q            
   0 2.0002384138e+04   0.00e+00  5.15e+01    1.000000e+00   1.000000e+00
   7 2.1265681343e-05  -2.39e-07  5.15e-06    6.193437e-03   1.559498e+01

After 7 iterations the fit converged.
final sum of squares of residuals : 2.12657e-05
rel. change during last iteration : -2.38906e-12

degrees of freedom    (FIT_NDF)                        : 4
rms of residuals      (FIT_STDFIT) = sqrt(WSSR/ndf)    : 0.00230574
variance of residuals (reduced chisquare) = WSSR/ndf   : 5.31642e-06

Final set of parameters            Asymptotic Standard Error
=======================            ==========================
k               = 0.00619344       +/- 0.0002479    (4.002%)
q               = 15.595           +/- 0.01804      (0.1157%)

correlation matrix of the fit parameters:
                k      q      
k               1.000 
q              -0.999  1.000 


*******************************************************************************
Tue Mar 28 18:24:07 2017


FIT:    data read from 'periody.dat' using 1:3
        format = x:z
        #datapoints = 6
        residuals are weighted equally (unit weight)

function used for fitting: g(x)
	g(x) = m*x + n
fitted parameters initialized with current variable values

iter      chisq       delta/lim  lambda   m             n            
   0 1.9946890129e+04   0.00e+00  5.15e+01    1.000000e+00   1.000000e+00
   7 2.9365153734e-04  -1.35e-08  5.15e-06    4.039476e-02   1.318187e+01

After 7 iterations the fit converged.
final sum of squares of residuals : 0.000293652
rel. change during last iteration : -1.34948e-13

degrees of freedom    (FIT_NDF)                        : 4
rms of residuals      (FIT_STDFIT) = sqrt(WSSR/ndf)    : 0.00856813
variance of residuals (reduced chisquare) = WSSR/ndf   : 7.34129e-05

Final set of parameters            Asymptotic Standard Error
=======================            ==========================
m               = 0.0403948        +/- 0.0009211    (2.28%)
n               = 13.1819          +/- 0.06702      (0.5084%)

correlation matrix of the fit parameters:
                m      n      
m               1.000 
n              -0.999  1.000 


*******************************************************************************
Tue Mar 28 18:24:15 2017


FIT:    data read from 'periody.dat' using 1:2
        format = x:z
        #datapoints = 6
        residuals are weighted equally (unit weight)

function used for fitting: f(x)
	f(x) = k*x + q
fitted parameters initialized with current variable values

iter      chisq       delta/lim  lambda   k             q            
   0 2.0002384138e+04   0.00e+00  5.15e+01    1.000000e+00   1.000000e+00
   7 2.1265681343e-05  -2.39e-07  5.15e-06    6.193437e-03   1.559498e+01

After 7 iterations the fit converged.
final sum of squares of residuals : 2.12657e-05
rel. change during last iteration : -2.38906e-12

degrees of freedom    (FIT_NDF)                        : 4
rms of residuals      (FIT_STDFIT) = sqrt(WSSR/ndf)    : 0.00230574
variance of residuals (reduced chisquare) = WSSR/ndf   : 5.31642e-06

Final set of parameters            Asymptotic Standard Error
=======================            ==========================
k               = 0.00619344       +/- 0.0002479    (4.002%)
q               = 15.595           +/- 0.01804      (0.1157%)

correlation matrix of the fit parameters:
                k      q      
k               1.000 
q              -0.999  1.000 


*******************************************************************************
Tue Mar 28 18:24:15 2017


FIT:    data read from 'periody.dat' using 1:3
        format = x:z
        #datapoints = 6
        residuals are weighted equally (unit weight)

function used for fitting: g(x)
	g(x) = m*x + n
fitted parameters initialized with current variable values

iter      chisq       delta/lim  lambda   m             n            
   0 1.9946890129e+04   0.00e+00  5.15e+01    1.000000e+00   1.000000e+00
   7 2.9365153734e-04  -1.35e-08  5.15e-06    4.039476e-02   1.318187e+01

After 7 iterations the fit converged.
final sum of squares of residuals : 0.000293652
rel. change during last iteration : -1.34948e-13

degrees of freedom    (FIT_NDF)                        : 4
rms of residuals      (FIT_STDFIT) = sqrt(WSSR/ndf)    : 0.00856813
variance of residuals (reduced chisquare) = WSSR/ndf   : 7.34129e-05

Final set of parameters            Asymptotic Standard Error
=======================            ==========================
m               = 0.0403948        +/- 0.0009211    (2.28%)
n               = 13.1819          +/- 0.06702      (0.5084%)

correlation matrix of the fit parameters:
                m      n      
m               1.000 
n              -0.999  1.000 


*******************************************************************************
Tue Mar 28 18:24:22 2017


FIT:    data read from 'periody.dat' using 1:2
        format = x:z
        #datapoints = 6
        residuals are weighted equally (unit weight)

function used for fitting: f(x)
	f(x) = k*x + q
fitted parameters initialized with current variable values

iter      chisq       delta/lim  lambda   k             q            
   0 2.0002384138e+04   0.00e+00  5.15e+01    1.000000e+00   1.000000e+00
   7 2.1265681343e-05  -2.39e-07  5.15e-06    6.193437e-03   1.559498e+01

After 7 iterations the fit converged.
final sum of squares of residuals : 2.12657e-05
rel. change during last iteration : -2.38906e-12

degrees of freedom    (FIT_NDF)                        : 4
rms of residuals      (FIT_STDFIT) = sqrt(WSSR/ndf)    : 0.00230574
variance of residuals (reduced chisquare) = WSSR/ndf   : 5.31642e-06

Final set of parameters            Asymptotic Standard Error
=======================            ==========================
k               = 0.00619344       +/- 0.0002479    (4.002%)
q               = 15.595           +/- 0.01804      (0.1157%)

correlation matrix of the fit parameters:
                k      q      
k               1.000 
q              -0.999  1.000 


*******************************************************************************
Tue Mar 28 18:24:22 2017


FIT:    data read from 'periody.dat' using 1:3
        format = x:z
        #datapoints = 6
        residuals are weighted equally (unit weight)

function used for fitting: g(x)
	g(x) = m*x + n
fitted parameters initialized with current variable values

iter      chisq       delta/lim  lambda   m             n            
   0 1.9946890129e+04   0.00e+00  5.15e+01    1.000000e+00   1.000000e+00
   7 2.9365153734e-04  -1.35e-08  5.15e-06    4.039476e-02   1.318187e+01

After 7 iterations the fit converged.
final sum of squares of residuals : 0.000293652
rel. change during last iteration : -1.34948e-13

degrees of freedom    (FIT_NDF)                        : 4
rms of residuals      (FIT_STDFIT) = sqrt(WSSR/ndf)    : 0.00856813
variance of residuals (reduced chisquare) = WSSR/ndf   : 7.34129e-05

Final set of parameters            Asymptotic Standard Error
=======================            ==========================
m               = 0.0403948        +/- 0.0009211    (2.28%)
n               = 13.1819          +/- 0.06702      (0.5084%)

correlation matrix of the fit parameters:
                m      n      
m               1.000 
n              -0.999  1.000 


*******************************************************************************
Tue Mar 28 18:24:48 2017


FIT:    data read from 'periody.dat' using 1:2
        format = x:z
        #datapoints = 6
        residuals are weighted equally (unit weight)

function used for fitting: f(x)
	f(x) = k*x + q
fitted parameters initialized with current variable values

iter      chisq       delta/lim  lambda   k             q            
   0 2.0002384138e+04   0.00e+00  5.15e+01    1.000000e+00   1.000000e+00
   7 2.1265681343e-05  -2.39e-07  5.15e-06    6.193437e-03   1.559498e+01

After 7 iterations the fit converged.
final sum of squares of residuals : 2.12657e-05
rel. change during last iteration : -2.38906e-12

degrees of freedom    (FIT_NDF)                        : 4
rms of residuals      (FIT_STDFIT) = sqrt(WSSR/ndf)    : 0.00230574
variance of residuals (reduced chisquare) = WSSR/ndf   : 5.31642e-06

Final set of parameters            Asymptotic Standard Error
=======================            ==========================
k               = 0.00619344       +/- 0.0002479    (4.002%)
q               = 15.595           +/- 0.01804      (0.1157%)

correlation matrix of the fit parameters:
                k      q      
k               1.000 
q              -0.999  1.000 


*******************************************************************************
Tue Mar 28 18:24:48 2017


FIT:    data read from 'periody.dat' using 1:3
        format = x:z
        #datapoints = 6
        residuals are weighted equally (unit weight)

function used for fitting: g(x)
	g(x) = m*x + n
fitted parameters initialized with current variable values

iter      chisq       delta/lim  lambda   m             n            
   0 1.9946890129e+04   0.00e+00  5.15e+01    1.000000e+00   1.000000e+00
   7 2.9365153734e-04  -1.35e-08  5.15e-06    4.039476e-02   1.318187e+01

After 7 iterations the fit converged.
final sum of squares of residuals : 0.000293652
rel. change during last iteration : -1.34948e-13

degrees of freedom    (FIT_NDF)                        : 4
rms of residuals      (FIT_STDFIT) = sqrt(WSSR/ndf)    : 0.00856813
variance of residuals (reduced chisquare) = WSSR/ndf   : 7.34129e-05

Final set of parameters            Asymptotic Standard Error
=======================            ==========================
m               = 0.0403948        +/- 0.0009211    (2.28%)
n               = 13.1819          +/- 0.06702      (0.5084%)

correlation matrix of the fit parameters:
                m      n      
m               1.000 
n              -0.999  1.000 


*******************************************************************************
Tue Mar 28 18:25:05 2017


FIT:    data read from 'periody.dat' using 1:2
        format = x:z
        #datapoints = 6
        residuals are weighted equally (unit weight)

function used for fitting: f(x)
	f(x) = k*x + q
fitted parameters initialized with current variable values

iter      chisq       delta/lim  lambda   k             q            
   0 2.0002384138e+04   0.00e+00  5.15e+01    1.000000e+00   1.000000e+00
   7 2.1265681343e-05  -2.39e-07  5.15e-06    6.193437e-03   1.559498e+01

After 7 iterations the fit converged.
final sum of squares of residuals : 2.12657e-05
rel. change during last iteration : -2.38906e-12

degrees of freedom    (FIT_NDF)                        : 4
rms of residuals      (FIT_STDFIT) = sqrt(WSSR/ndf)    : 0.00230574
variance of residuals (reduced chisquare) = WSSR/ndf   : 5.31642e-06

Final set of parameters            Asymptotic Standard Error
=======================            ==========================
k               = 0.00619344       +/- 0.0002479    (4.002%)
q               = 15.595           +/- 0.01804      (0.1157%)

correlation matrix of the fit parameters:
                k      q      
k               1.000 
q              -0.999  1.000 


*******************************************************************************
Tue Mar 28 18:25:05 2017


FIT:    data read from 'periody.dat' using 1:3
        format = x:z
        #datapoints = 6
        residuals are weighted equally (unit weight)

function used for fitting: g(x)
	g(x) = m*x + n
fitted parameters initialized with current variable values

iter      chisq       delta/lim  lambda   m             n            
   0 1.9946890129e+04   0.00e+00  5.15e+01    1.000000e+00   1.000000e+00
   7 2.9365153734e-04  -1.35e-08  5.15e-06    4.039476e-02   1.318187e+01

After 7 iterations the fit converged.
final sum of squares of residuals : 0.000293652
rel. change during last iteration : -1.34948e-13

degrees of freedom    (FIT_NDF)                        : 4
rms of residuals      (FIT_STDFIT) = sqrt(WSSR/ndf)    : 0.00856813
variance of residuals (reduced chisquare) = WSSR/ndf   : 7.34129e-05

Final set of parameters            Asymptotic Standard Error
=======================            ==========================
m               = 0.0403948        +/- 0.0009211    (2.28%)
n               = 13.1819          +/- 0.06702      (0.5084%)

correlation matrix of the fit parameters:
                m      n      
m               1.000 
n              -0.999  1.000 


*******************************************************************************
Tue Mar 28 18:25:57 2017


FIT:    data read from 'periody.dat' using 1:2
        format = x:z
        #datapoints = 6
        residuals are weighted equally (unit weight)

function used for fitting: f(x)
	f(x) = k*x + q
fitted parameters initialized with current variable values

iter      chisq       delta/lim  lambda   k             q            
   0 2.0002384138e+04   0.00e+00  5.15e+01    1.000000e+00   1.000000e+00
   7 2.1265681343e-05  -2.39e-07  5.15e-06    6.193437e-03   1.559498e+01

After 7 iterations the fit converged.
final sum of squares of residuals : 2.12657e-05
rel. change during last iteration : -2.38906e-12

degrees of freedom    (FIT_NDF)                        : 4
rms of residuals      (FIT_STDFIT) = sqrt(WSSR/ndf)    : 0.00230574
variance of residuals (reduced chisquare) = WSSR/ndf   : 5.31642e-06

Final set of parameters            Asymptotic Standard Error
=======================            ==========================
k               = 0.00619344       +/- 0.0002479    (4.002%)
q               = 15.595           +/- 0.01804      (0.1157%)

correlation matrix of the fit parameters:
                k      q      
k               1.000 
q              -0.999  1.000 


*******************************************************************************
Tue Mar 28 18:25:57 2017


FIT:    data read from 'periody.dat' using 1:3
        format = x:z
        #datapoints = 6
        residuals are weighted equally (unit weight)

function used for fitting: g(x)
	g(x) = m*x + n
fitted parameters initialized with current variable values

iter      chisq       delta/lim  lambda   m             n            
   0 1.9946890129e+04   0.00e+00  5.15e+01    1.000000e+00   1.000000e+00
   7 2.9365153734e-04  -1.35e-08  5.15e-06    4.039476e-02   1.318187e+01

After 7 iterations the fit converged.
final sum of squares of residuals : 0.000293652
rel. change during last iteration : -1.34948e-13

degrees of freedom    (FIT_NDF)                        : 4
rms of residuals      (FIT_STDFIT) = sqrt(WSSR/ndf)    : 0.00856813
variance of residuals (reduced chisquare) = WSSR/ndf   : 7.34129e-05

Final set of parameters            Asymptotic Standard Error
=======================            ==========================
m               = 0.0403948        +/- 0.0009211    (2.28%)
n               = 13.1819          +/- 0.06702      (0.5084%)

correlation matrix of the fit parameters:
                m      n      
m               1.000 
n              -0.999  1.000 


*******************************************************************************
Tue Mar 28 18:31:24 2017


FIT:    data read from 'periody.dat' using 1:2
        format = x:z
        #datapoints = 6
        residuals are weighted equally (unit weight)

function used for fitting: f(x)
	f(x) = k*x + q
fitted parameters initialized with current variable values

iter      chisq       delta/lim  lambda   k             q            
   0 2.0002384138e+04   0.00e+00  5.15e+01    1.000000e+00   1.000000e+00
   7 2.1265681343e-05  -2.39e-07  5.15e-06    6.193437e-03   1.559498e+01

After 7 iterations the fit converged.
final sum of squares of residuals : 2.12657e-05
rel. change during last iteration : -2.38906e-12

degrees of freedom    (FIT_NDF)                        : 4
rms of residuals      (FIT_STDFIT) = sqrt(WSSR/ndf)    : 0.00230574
variance of residuals (reduced chisquare) = WSSR/ndf   : 5.31642e-06

Final set of parameters            Asymptotic Standard Error
=======================            ==========================
k               = 0.00619344       +/- 0.0002479    (4.002%)
q               = 15.595           +/- 0.01804      (0.1157%)

correlation matrix of the fit parameters:
                k      q      
k               1.000 
q              -0.999  1.000 


*******************************************************************************
Tue Mar 28 18:31:24 2017


FIT:    data read from 'periody.dat' using 1:3
        format = x:z
        #datapoints = 6
        residuals are weighted equally (unit weight)

function used for fitting: g(x)
	g(x) = m*x + n
fitted parameters initialized with current variable values

iter      chisq       delta/lim  lambda   m             n            
   0 1.9946890129e+04   0.00e+00  5.15e+01    1.000000e+00   1.000000e+00
   7 2.9365153734e-04  -1.35e-08  5.15e-06    4.039476e-02   1.318187e+01

After 7 iterations the fit converged.
final sum of squares of residuals : 0.000293652
rel. change during last iteration : -1.34948e-13

degrees of freedom    (FIT_NDF)                        : 4
rms of residuals      (FIT_STDFIT) = sqrt(WSSR/ndf)    : 0.00856813
variance of residuals (reduced chisquare) = WSSR/ndf   : 7.34129e-05

Final set of parameters            Asymptotic Standard Error
=======================            ==========================
m               = 0.0403948        +/- 0.0009211    (2.28%)
n               = 13.1819          +/- 0.06702      (0.5084%)

correlation matrix of the fit parameters:
                m      n      
m               1.000 
n              -0.999  1.000 
