

*******************************************************************************
Wed Apr 19 21:02:48 2017


FIT:    data read from 'epsilon_sigma_linear.dat' using 1:2
        format = x:z
        #datapoints = 1972
        residuals are weighted equally (unit weight)

function used for fitting: f(x)
	f(x) = a*x + b
fitted parameters initialized with current variable values

iter      chisq       delta/lim  lambda   a             b            
   0 7.6625558456e+16   0.00e+00  7.07e-01    1.000000e+00   1.000000e+00
   5 2.4279223921e+13  -2.43e-03  7.07e-06    2.724805e+09  -1.196267e+06

After 5 iterations the fit converged.
final sum of squares of residuals : 2.42792e+13
rel. change during last iteration : -2.4318e-08

degrees of freedom    (FIT_NDF)                        : 1970
rms of residuals      (FIT_STDFIT) = sqrt(WSSR/ndf)    : 111016
variance of residuals (reduced chisquare) = WSSR/ndf   : 1.23245e+10

Final set of parameters            Asymptotic Standard Error
=======================            ==========================
a               = 2.7248e+09       +/- 2.764e+06    (0.1014%)
b               = -1.19627e+06     +/- 7453         (0.623%)

correlation matrix of the fit parameters:
                a      b      
a               1.000 
b              -0.942  1.000 


*******************************************************************************
Wed Apr 19 21:06:23 2017


FIT:    data read from 'epsilon_sigma_linear.dat' using 1:2
        format = x:z
        #datapoints = 1972
        residuals are weighted equally (unit weight)

function used for fitting: f(x)
	f(x) = a*x
fitted parameters initialized with current variable values

iter      chisq       delta/lim  lambda   a            
   0 2.8463177060e+15   0.00e+00  7.35e+06    2.724805e+09
   2 3.4183006249e+14  -1.88e-01  7.35e+04    2.306823e+09

After 2 iterations the fit converged.
final sum of squares of residuals : 3.4183e+14
rel. change during last iteration : -1.88215e-06

degrees of freedom    (FIT_NDF)                        : 1971
rms of residuals      (FIT_STDFIT) = sqrt(WSSR/ndf)    : 416449
variance of residuals (reduced chisquare) = WSSR/ndf   : 1.7343e+11

Final set of parameters            Asymptotic Standard Error
=======================            ==========================
a               = 2.30682e+09      +/- 3.478e+06    (0.1508%)


*******************************************************************************
Wed Apr 19 21:08:36 2017


FIT:    data read from 'epsilon_sigma_linear.dat' using 1:2
        format = x:z
        #datapoints = 2355
        residuals are weighted equally (unit weight)

function used for fitting: f(x)
	f(x) = a*x
fitted parameters initialized with current variable values

iter      chisq       delta/lim  lambda   a            
   0 4.4688506682e+14   0.00e+00  5.72e+06    2.306823e+09
   2 4.4601127323e+14  -3.53e-05  5.72e+04    2.299055e+09

After 2 iterations the fit converged.
final sum of squares of residuals : 4.46011e+14
rel. change during last iteration : -3.52949e-10

degrees of freedom    (FIT_NDF)                        : 2354
rms of residuals      (FIT_STDFIT) = sqrt(WSSR/ndf)    : 435281
variance of residuals (reduced chisquare) = WSSR/ndf   : 1.8947e+11

Final set of parameters            Asymptotic Standard Error
=======================            ==========================
a               = 2.29906e+09      +/- 3.617e+06    (0.1573%)
