

*******************************************************************************
Wed May  3 11:19:40 2017


FIT:    data read from 'TO 100 mm & A.txt' using 1:2
        format = x:z
        #datapoints = 300
        residuals are weighted equally (unit weight)

function used for fitting: f(x)
	f(x) = a*x + b
fitted parameters initialized with current variable values

iter      chisq       delta/lim  lambda   a             b            
   0 4.3057918584e+04   0.00e+00  8.87e+00    1.000000e+00   1.000000e+00
   4 4.8429360020e-01  -6.43e-05  8.87e-04    1.135679e-01   4.790847e-02

After 4 iterations the fit converged.
final sum of squares of residuals : 0.484294
rel. change during last iteration : -6.42769e-10

degrees of freedom    (FIT_NDF)                        : 298
rms of residuals      (FIT_STDFIT) = sqrt(WSSR/ndf)    : 0.0403131
variance of residuals (reduced chisquare) = WSSR/ndf   : 0.00162515

Final set of parameters            Asymptotic Standard Error
=======================            ==========================
a               = 0.113568         +/- 0.0005418    (0.4771%)
b               = 0.0479085        +/- 0.006773     (14.14%)

correlation matrix of the fit parameters:
                a      b      
a               1.000 
b              -0.939  1.000 


*******************************************************************************
Wed May  3 11:23:24 2017


FIT:    data read from 'TO 100 mm & B.txt' using 1:2
        format = x:z
        #datapoints = 300
        residuals are weighted equally (unit weight)

function used for fitting: f(x)
	f(x) = a*x + b
fitted parameters initialized with current variable values

iter      chisq       delta/lim  lambda   a             b            
   0 2.7155840748e+04   0.00e+00  7.36e+00    1.000000e+00   1.000000e+00
   4 4.9942352599e-01  -1.34e-05  7.36e-04    1.721610e-01   1.668957e-02

After 4 iterations the fit converged.
final sum of squares of residuals : 0.499424
rel. change during last iteration : -1.34239e-10

degrees of freedom    (FIT_NDF)                        : 298
rms of residuals      (FIT_STDFIT) = sqrt(WSSR/ndf)    : 0.040938
variance of residuals (reduced chisquare) = WSSR/ndf   : 0.00167592

Final set of parameters            Asymptotic Standard Error
=======================            ==========================
a               = 0.172161         +/- 0.0006759    (0.3926%)
b               = 0.0166896        +/- 0.007008     (41.99%)

correlation matrix of the fit parameters:
                a      b      
a               1.000 
b              -0.941  1.000 


*******************************************************************************
Wed May  3 11:23:50 2017


FIT:    data read from 'TO 100 mm & C.txt' using 1:2
        format = x:z
        #datapoints = 300
        residuals are weighted equally (unit weight)

function used for fitting: f(x)
	f(x) = a*x + b
fitted parameters initialized with current variable values

iter      chisq       delta/lim  lambda   a             b            
   0 1.5262437978e+04   0.00e+00  5.99e+00    1.000000e+00   1.000000e+00
   4 7.4632416624e-01  -1.35e-06  5.99e-04    2.643467e-01   1.087706e-02

After 4 iterations the fit converged.
final sum of squares of residuals : 0.746324
rel. change during last iteration : -1.34773e-11

degrees of freedom    (FIT_NDF)                        : 298
rms of residuals      (FIT_STDFIT) = sqrt(WSSR/ndf)    : 0.0500444
variance of residuals (reduced chisquare) = WSSR/ndf   : 0.00250444

Final set of parameters            Asymptotic Standard Error
=======================            ==========================
a               = 0.264347         +/- 0.001029     (0.3893%)
b               = 0.0108771        +/- 0.008664     (79.65%)

correlation matrix of the fit parameters:
                a      b      
a               1.000 
b              -0.943  1.000 


*******************************************************************************
Wed May  3 11:24:27 2017


FIT:    data read from 'TO 100 mm & D.txt' using 1:2
        format = x:z
        #datapoints = 300
        residuals are weighted equally (unit weight)

function used for fitting: f(x)
	f(x) = a*x + b
fitted parameters initialized with current variable values

iter      chisq       delta/lim  lambda   a             b            
   0 9.1005681156e+03   0.00e+00  5.13e+00    1.000000e+00   1.000000e+00
   4 1.0865470293e+00  -2.22e-07  5.13e-04    3.698604e-01  -2.278838e-02

After 4 iterations the fit converged.
final sum of squares of residuals : 1.08655
rel. change during last iteration : -2.21749e-12

degrees of freedom    (FIT_NDF)                        : 298
rms of residuals      (FIT_STDFIT) = sqrt(WSSR/ndf)    : 0.0603832
variance of residuals (reduced chisquare) = WSSR/ndf   : 0.00364613

Final set of parameters            Asymptotic Standard Error
=======================            ==========================
a               = 0.36986          +/- 0.00146      (0.3947%)
b               = -0.0227884       +/- 0.0105       (46.08%)

correlation matrix of the fit parameters:
                a      b      
a               1.000 
b              -0.943  1.000 


*******************************************************************************
Wed May  3 11:24:49 2017


FIT:    data read from 'TO 100 mm & E.txt' using 1:2
        format = x:z
        #datapoints = 300
        residuals are weighted equally (unit weight)

function used for fitting: f(x)
	f(x) = a*x + b
fitted parameters initialized with current variable values

iter      chisq       delta/lim  lambda   a             b            
   0 4.0605342279e+03   0.00e+00  4.23e+00    1.000000e+00   1.000000e+00
   4 1.5606589546e+00  -1.85e-08  4.23e-04    5.368938e-01   1.276512e-02

After 4 iterations the fit converged.
final sum of squares of residuals : 1.56066
rel. change during last iteration : -1.84817e-13

degrees of freedom    (FIT_NDF)                        : 298
rms of residuals      (FIT_STDFIT) = sqrt(WSSR/ndf)    : 0.0723679
variance of residuals (reduced chisquare) = WSSR/ndf   : 0.00523711

Final set of parameters            Asymptotic Standard Error
=======================            ==========================
a               = 0.536894         +/- 0.00211      (0.393%)
b               = 0.0127651        +/- 0.01245      (97.57%)

correlation matrix of the fit parameters:
                a      b      
a               1.000 
b              -0.942  1.000 


*******************************************************************************
Wed May  3 11:25:49 2017


FIT:    data read from 'TO 140 mm & A.txt' using 1:2
        format = x:z
        #datapoints = 300
        residuals are weighted equally (unit weight)

function used for fitting: f(x)
	f(x) = a*x + b
fitted parameters initialized with current variable values

iter      chisq       delta/lim  lambda   a             b            
   0 2.6149420039e+04   0.00e+00  7.25e+00    1.000000e+00   1.000000e+00
   4 5.6044446922e-01  -9.16e-06  7.25e-04    1.736155e-01   4.263797e-02

After 4 iterations the fit converged.
final sum of squares of residuals : 0.560444
rel. change during last iteration : -9.16103e-11

degrees of freedom    (FIT_NDF)                        : 298
rms of residuals      (FIT_STDFIT) = sqrt(WSSR/ndf)    : 0.0433669
variance of residuals (reduced chisquare) = WSSR/ndf   : 0.00188069

Final set of parameters            Asymptotic Standard Error
=======================            ==========================
a               = 0.173615         +/- 0.0007224    (0.4161%)
b               = 0.042638         +/- 0.007369     (17.28%)

correlation matrix of the fit parameters:
                a      b      
a               1.000 
b              -0.941  1.000 


*******************************************************************************
Wed May  3 11:26:14 2017


FIT:    data read from 'TO 140 mm & B.txt' using 1:2
        format = x:z
        #datapoints = 300
        residuals are weighted equally (unit weight)

function used for fitting: f(x)
	f(x) = a*x + b
fitted parameters initialized with current variable values

iter      chisq       delta/lim  lambda   a             b            
   0 1.6335974803e+04   0.00e+00  6.13e+00    1.000000e+00   1.000000e+00
   4 7.9016673014e-01  -1.52e-06  6.13e-04    2.521467e-01   9.498951e-03

After 4 iterations the fit converged.
final sum of squares of residuals : 0.790167
rel. change during last iteration : -1.51792e-11

degrees of freedom    (FIT_NDF)                        : 298
rms of residuals      (FIT_STDFIT) = sqrt(WSSR/ndf)    : 0.0514934
variance of residuals (reduced chisquare) = WSSR/ndf   : 0.00265157

Final set of parameters            Asymptotic Standard Error
=======================            ==========================
a               = 0.252147         +/- 0.001029     (0.4083%)
b               = 0.00949895       +/- 0.008863     (93.3%)

correlation matrix of the fit parameters:
                a      b      
a               1.000 
b              -0.942  1.000 


*******************************************************************************
Wed May  3 11:26:30 2017


FIT:    data read from 'TO 140 mm & C.txt' using 1:2
        format = x:z
        #datapoints = 300
        residuals are weighted equally (unit weight)

function used for fitting: f(x)
	f(x) = a*x + b
fitted parameters initialized with current variable values

iter      chisq       delta/lim  lambda   a             b            
   0 8.6726587154e+03   0.00e+00  5.05e+00    1.000000e+00   1.000000e+00
   4 1.1602321898e+00  -1.45e-07  5.05e-04    3.730687e-01   1.023222e-02

After 4 iterations the fit converged.
final sum of squares of residuals : 1.16023
rel. change during last iteration : -1.45027e-12

degrees of freedom    (FIT_NDF)                        : 298
rms of residuals      (FIT_STDFIT) = sqrt(WSSR/ndf)    : 0.0623971
variance of residuals (reduced chisquare) = WSSR/ndf   : 0.0038934

Final set of parameters            Asymptotic Standard Error
=======================            ==========================
a               = 0.373069         +/- 0.001512     (0.4053%)
b               = 0.0102322        +/- 0.01069      (104.5%)

correlation matrix of the fit parameters:
                a      b      
a               1.000 
b              -0.942  1.000 


*******************************************************************************
Wed May  3 11:26:48 2017


FIT:    data read from 'TO 140 mm & D.txt' using 1:2
        format = x:z
        #datapoints = 300
        residuals are weighted equally (unit weight)

function used for fitting: f(x)
	f(x) = a*x + b
fitted parameters initialized with current variable values

iter      chisq       delta/lim  lambda   a             b            
   0 4.1634652155e+03   0.00e+00  4.25e+00    1.000000e+00   1.000000e+00
   4 1.5853688285e+00  -1.77e-08  4.25e-04    5.269743e-01   3.538224e-02

After 4 iterations the fit converged.
final sum of squares of residuals : 1.58537
rel. change during last iteration : -1.76754e-13

degrees of freedom    (FIT_NDF)                        : 298
rms of residuals      (FIT_STDFIT) = sqrt(WSSR/ndf)    : 0.0729385
variance of residuals (reduced chisquare) = WSSR/ndf   : 0.00532003

Final set of parameters            Asymptotic Standard Error
=======================            ==========================
a               = 0.526974         +/- 0.002116     (0.4015%)
b               = 0.0353822        +/- 0.01253      (35.42%)

correlation matrix of the fit parameters:
                a      b      
a               1.000 
b              -0.942  1.000 


*******************************************************************************
Wed May  3 11:27:07 2017


FIT:    data read from 'TO 140 mm & E.txt' using 1:2
        format = x:z
        #datapoints = 300
        residuals are weighted equally (unit weight)

function used for fitting: f(x)
	f(x) = a*x + b
fitted parameters initialized with current variable values

iter      chisq       delta/lim  lambda   a             b            
   0 1.3643027061e+03   0.00e+00  3.57e+00    1.000000e+00   1.000000e+00
   4 2.2905824356e+00  -2.11e-09  3.57e-04    7.593701e-01   2.949157e-02

After 4 iterations the fit converged.
final sum of squares of residuals : 2.29058
rel. change during last iteration : -2.11325e-14

degrees of freedom    (FIT_NDF)                        : 298
rms of residuals      (FIT_STDFIT) = sqrt(WSSR/ndf)    : 0.0876728
variance of residuals (reduced chisquare) = WSSR/ndf   : 0.00768652

Final set of parameters            Asymptotic Standard Error
=======================            ==========================
a               = 0.75937          +/- 0.003053     (0.4021%)
b               = 0.0294916        +/- 0.01512      (51.26%)

correlation matrix of the fit parameters:
                a      b      
a               1.000 
b              -0.942  1.000 


*******************************************************************************
Wed May  3 11:27:45 2017


FIT:    data read from 'TO 180 mm & A.txt' using 1:2
        format = x:z
        #datapoints = 250
        residuals are weighted equally (unit weight)

function used for fitting: f(x)
	f(x) = a*x + b
fitted parameters initialized with current variable values

iter      chisq       delta/lim  lambda   a             b            
   0 1.2717800939e+04   0.00e+00  5.75e+00    1.000000e+00   1.000000e+00
   4 5.8480883206e-01  -1.58e-06  5.75e-04    2.248448e-01   7.597705e-02

After 4 iterations the fit converged.
final sum of squares of residuals : 0.584809
rel. change during last iteration : -1.58187e-11

degrees of freedom    (FIT_NDF)                        : 248
rms of residuals      (FIT_STDFIT) = sqrt(WSSR/ndf)    : 0.0485603
variance of residuals (reduced chisquare) = WSSR/ndf   : 0.0023581

Final set of parameters            Asymptotic Standard Error
=======================            ==========================
a               = 0.224845         +/- 0.001108     (0.4929%)
b               = 0.0759771        +/- 0.008945     (11.77%)

correlation matrix of the fit parameters:
                a      b      
a               1.000 
b              -0.939  1.000 


*******************************************************************************
Wed May  3 11:28:07 2017


FIT:    data read from 'TO 180 mm & B.txt' using 1:2
        format = x:z
        #datapoints = 250
        residuals are weighted equally (unit weight)

function used for fitting: f(x)
	f(x) = a*x + b
fitted parameters initialized with current variable values

iter      chisq       delta/lim  lambda   a             b            
   0 7.3438108198e+03   0.00e+00  4.83e+00    1.000000e+00   1.000000e+00
   4 7.0060049216e-01  -2.92e-07  4.83e-04    3.306589e-01   5.886479e-02

After 4 iterations the fit converged.
final sum of squares of residuals : 0.7006
rel. change during last iteration : -2.92008e-12

degrees of freedom    (FIT_NDF)                        : 248
rms of residuals      (FIT_STDFIT) = sqrt(WSSR/ndf)    : 0.0531507
variance of residuals (reduced chisquare) = WSSR/ndf   : 0.002825

Final set of parameters            Asymptotic Standard Error
=======================            ==========================
a               = 0.330659         +/- 0.001482     (0.4481%)
b               = 0.0588648        +/- 0.01002      (17.01%)

correlation matrix of the fit parameters:
                a      b      
a               1.000 
b              -0.942  1.000 


*******************************************************************************
Wed May  3 11:28:21 2017


FIT:    data read from 'TO 180 mm & C.txt' using 1:2
        format = x:z
        #datapoints = 250
        residuals are weighted equally (unit weight)

function used for fitting: f(x)
	f(x) = a*x + b
fitted parameters initialized with current variable values

iter      chisq       delta/lim  lambda   a             b            
   0 3.6168435906e+03   0.00e+00  4.04e+00    1.000000e+00   1.000000e+00
   4 1.0153818575e+00  -3.92e-08  4.04e-04    4.901213e-01   2.562644e-02

After 4 iterations the fit converged.
final sum of squares of residuals : 1.01538
rel. change during last iteration : -3.91657e-13

degrees of freedom    (FIT_NDF)                        : 248
rms of residuals      (FIT_STDFIT) = sqrt(WSSR/ndf)    : 0.0639866
variance of residuals (reduced chisquare) = WSSR/ndf   : 0.00409428

Final set of parameters            Asymptotic Standard Error
=======================            ==========================
a               = 0.490121         +/- 0.002161     (0.4409%)
b               = 0.0256264        +/- 0.01216      (47.47%)

correlation matrix of the fit parameters:
                a      b      
a               1.000 
b              -0.943  1.000 


*******************************************************************************
Wed May  3 11:28:37 2017


FIT:    data read from 'TO 180 mm & D.txt' using 1:2
        format = x:z
        #datapoints = 200
        residuals are weighted equally (unit weight)

function used for fitting: f(x)
	f(x) = a*x + b
fitted parameters initialized with current variable values

iter      chisq       delta/lim  lambda   a             b            
   0 1.0308236510e+03   0.00e+00  3.09e+00    1.000000e+00   1.000000e+00
   4 8.5312451994e-01  -7.31e-09  3.09e-04    6.897465e-01   1.568728e-02

After 4 iterations the fit converged.
final sum of squares of residuals : 0.853125
rel. change during last iteration : -7.31365e-14

degrees of freedom    (FIT_NDF)                        : 198
rms of residuals      (FIT_STDFIT) = sqrt(WSSR/ndf)    : 0.0656408
variance of residuals (reduced chisquare) = WSSR/ndf   : 0.00430871

Final set of parameters            Asymptotic Standard Error
=======================            ==========================
a               = 0.689746         +/- 0.003256     (0.472%)
b               = 0.0156873        +/- 0.01383      (88.16%)

correlation matrix of the fit parameters:
                a      b      
a               1.000 
b              -0.942  1.000 


*******************************************************************************
Wed May  3 11:28:54 2017


FIT:    data read from 'TO 180 mm & E.txt' using 1:2
        format = x:z
        #datapoints = 200
        residuals are weighted equally (unit weight)

function used for fitting: f(x)
	f(x) = a*x + b
fitted parameters initialized with current variable values

iter      chisq       delta/lim  lambda   a             b            
   0 2.1672343125e+02   0.00e+00  2.62e+00    1.000000e+00   1.000000e+00
   4 1.2071455124e+00  -1.09e-09  2.62e-04    9.881081e-01   1.964814e-03

After 4 iterations the fit converged.
final sum of squares of residuals : 1.20715
rel. change during last iteration : -1.08526e-14

degrees of freedom    (FIT_NDF)                        : 198
rms of residuals      (FIT_STDFIT) = sqrt(WSSR/ndf)    : 0.0780813
variance of residuals (reduced chisquare) = WSSR/ndf   : 0.00609669

Final set of parameters            Asymptotic Standard Error
=======================            ==========================
a               = 0.988108         +/- 0.00463      (0.4686%)
b               = 0.00196481       +/- 0.0165       (839.8%)

correlation matrix of the fit parameters:
                a      b      
a               1.000 
b              -0.942  1.000 


*******************************************************************************
Wed May  3 11:29:30 2017


FIT:    data read from 'TO 60 mm & A.txt' using 1:2
        format = x:z
        #datapoints = 300
        residuals are weighted equally (unit weight)

function used for fitting: f(x)
	f(x) = a*x + b
fitted parameters initialized with current variable values

iter      chisq       delta/lim  lambda   a             b            
   0 8.4140102629e+04   0.00e+00  1.19e+01    1.000000e+00   1.000000e+00
   4 4.5089769019e-01  -8.63e-04  1.19e-03    5.831014e-02   7.996170e-02

After 4 iterations the fit converged.
final sum of squares of residuals : 0.450898
rel. change during last iteration : -8.63163e-09

degrees of freedom    (FIT_NDF)                        : 298
rms of residuals      (FIT_STDFIT) = sqrt(WSSR/ndf)    : 0.0388983
variance of residuals (reduced chisquare) = WSSR/ndf   : 0.00151308

Final set of parameters            Asymptotic Standard Error
=======================            ==========================
a               = 0.0583101        +/- 0.0003832    (0.6572%)
b               = 0.0799617        +/- 0.006463     (8.082%)

correlation matrix of the fit parameters:
                a      b      
a               1.000 
b              -0.938  1.000 


*******************************************************************************
Wed May  3 11:29:56 2017


FIT:    data read from 'TO 60 mm & B.txt' using 1:2
        format = x:z
        #datapoints = 300
        residuals are weighted equally (unit weight)

function used for fitting: f(x)
	f(x) = a*x + b
fitted parameters initialized with current variable values

iter      chisq       delta/lim  lambda   a             b            
   0 5.4060095882e+04   0.00e+00  9.77e+00    1.000000e+00   1.000000e+00
   4 3.9641643137e-01  -1.58e-04  9.77e-04    8.896215e-02   7.795019e-02

After 4 iterations the fit converged.
final sum of squares of residuals : 0.396416
rel. change during last iteration : -1.57516e-09

degrees of freedom    (FIT_NDF)                        : 298
rms of residuals      (FIT_STDFIT) = sqrt(WSSR/ndf)    : 0.0364727
variance of residuals (reduced chisquare) = WSSR/ndf   : 0.00133026

Final set of parameters            Asymptotic Standard Error
=======================            ==========================
a               = 0.0889621        +/- 0.000437     (0.4912%)
b               = 0.0779502        +/- 0.006022     (7.726%)

correlation matrix of the fit parameters:
                a      b      
a               1.000 
b              -0.937  1.000 


*******************************************************************************
Wed May  3 11:30:14 2017


FIT:    data read from 'TO 60 mm & C.txt' using 1:2
        format = x:z
        #datapoints = 300
        residuals are weighted equally (unit weight)

function used for fitting: f(x)
	f(x) = a*x + b
fitted parameters initialized with current variable values

iter      chisq       delta/lim  lambda   a             b            
   0 3.2136860112e+04   0.00e+00  7.85e+00    1.000000e+00   1.000000e+00
   4 5.3239175615e-01  -1.80e-05  7.85e-04    1.441224e-01   6.071107e-02

After 4 iterations the fit converged.
final sum of squares of residuals : 0.532392
rel. change during last iteration : -1.79506e-10

degrees of freedom    (FIT_NDF)                        : 298
rms of residuals      (FIT_STDFIT) = sqrt(WSSR/ndf)    : 0.0422676
variance of residuals (reduced chisquare) = WSSR/ndf   : 0.00178655

Final set of parameters            Asymptotic Standard Error
=======================            ==========================
a               = 0.144122         +/- 0.0006413    (0.445%)
b               = 0.0607111        +/- 0.00709      (11.68%)

correlation matrix of the fit parameters:
                a      b      
a               1.000 
b              -0.939  1.000 


*******************************************************************************
Wed May  3 11:30:26 2017


FIT:    data read from 'TO 60 mm & D.txt' using 1:2
        format = x:z
        #datapoints = 300
        residuals are weighted equally (unit weight)

function used for fitting: f(x)
	f(x) = a*x + b
fitted parameters initialized with current variable values

iter      chisq       delta/lim  lambda   a             b            
   0 1.9978706359e+04   0.00e+00  6.55e+00    1.000000e+00   1.000000e+00
   4 7.0487223468e-01  -2.49e-06  6.55e-04    2.095825e-01   6.711386e-02

After 4 iterations the fit converged.
final sum of squares of residuals : 0.704872
rel. change during last iteration : -2.48782e-11

degrees of freedom    (FIT_NDF)                        : 298
rms of residuals      (FIT_STDFIT) = sqrt(WSSR/ndf)    : 0.0486348
variance of residuals (reduced chisquare) = WSSR/ndf   : 0.00236534

Final set of parameters            Asymptotic Standard Error
=======================            ==========================
a               = 0.209583         +/- 0.0008934    (0.4263%)
b               = 0.0671139        +/- 0.008226     (12.26%)

correlation matrix of the fit parameters:
                a      b      
a               1.000 
b              -0.940  1.000 


*******************************************************************************
Wed May  3 11:30:47 2017


FIT:    data read from 'TO 60 mm & E.txt' using 1:2
        format = x:z
        #datapoints = 300
        residuals are weighted equally (unit weight)

function used for fitting: f(x)
	f(x) = a*x + b
fitted parameters initialized with current variable values

iter      chisq       delta/lim  lambda   a             b            
   0 1.1011469721e+04   0.00e+00  5.38e+00    1.000000e+00   1.000000e+00
   4 1.0187180678e+00  -2.43e-07  5.38e-04    3.131417e-01   7.718080e-02

After 4 iterations the fit converged.
final sum of squares of residuals : 1.01872
rel. change during last iteration : -2.42551e-12

degrees of freedom    (FIT_NDF)                        : 298
rms of residuals      (FIT_STDFIT) = sqrt(WSSR/ndf)    : 0.0584681
variance of residuals (reduced chisquare) = WSSR/ndf   : 0.00341852

Final set of parameters            Asymptotic Standard Error
=======================            ==========================
a               = 0.313142         +/- 0.001312     (0.4191%)
b               = 0.0771808        +/- 0.009902     (12.83%)

correlation matrix of the fit parameters:
                a      b      
a               1.000 
b              -0.940  1.000 
